[debug] [2025-07-06T19:57:52.167Z] ----------------------------------------------------------------------
[debug] [2025-07-06T19:57:52.175Z] Command:       /usr/local/bin/node /Users/fredericfrancia/.npm-global/bin/firebase deploy --only functions
[debug] [2025-07-06T19:57:52.175Z] CLI Version:   14.9.0
[debug] [2025-07-06T19:57:52.175Z] Platform:      darwin
[debug] [2025-07-06T19:57:52.175Z] Node Version:  v22.17.0
[debug] [2025-07-06T19:57:52.175Z] Time:          Sun Jul 06 2025 21:57:52 GMT+0200 (Central European Summer Time)
[debug] [2025-07-06T19:57:52.175Z] ----------------------------------------------------------------------
[debug] 
[debug] [2025-07-06T19:57:52.270Z] > command requires scopes: ["email","openid","https://www.googleapis.com/auth/cloudplatformprojects.readonly","https://www.googleapis.com/auth/firebase","https://www.googleapis.com/auth/cloud-platform"]
[debug] [2025-07-06T19:57:52.270Z] > authorizing via signed-in user (frederic.francia.1991@gmail.com)
[debug] [2025-07-06T19:57:52.271Z] [iam] checking project moneytimerev-e2351 for permissions ["cloudfunctions.functions.create","cloudfunctions.functions.delete","cloudfunctions.functions.get","cloudfunctions.functions.list","cloudfunctions.functions.update","cloudfunctions.operations.get","firebase.projects.get"]
[debug] [2025-07-06T19:57:52.271Z] Checked if tokens are valid: true, expires at: 1751834082577
[debug] [2025-07-06T19:57:52.271Z] Checked if tokens are valid: true, expires at: 1751834082577
[debug] [2025-07-06T19:57:52.272Z] >>> [apiv2][query] POST https://cloudresourcemanager.googleapis.com/v1/projects/moneytimerev-e2351:testIamPermissions [none]
[debug] [2025-07-06T19:57:52.272Z] >>> [apiv2][(partial)header] POST https://cloudresourcemanager.googleapis.com/v1/projects/moneytimerev-e2351:testIamPermissions x-goog-quota-user=projects/moneytimerev-e2351
[debug] [2025-07-06T19:57:52.272Z] >>> [apiv2][body] POST https://cloudresourcemanager.googleapis.com/v1/projects/moneytimerev-e2351:testIamPermissions {"permissions":["cloudfunctions.functions.create","cloudfunctions.functions.delete","cloudfunctions.functions.get","cloudfunctions.functions.list","cloudfunctions.functions.update","cloudfunctions.operations.get","firebase.projects.get"]}
[debug] [2025-07-06T19:57:52.918Z] <<< [apiv2][status] POST https://cloudresourcemanager.googleapis.com/v1/projects/moneytimerev-e2351:testIamPermissions 200
[debug] [2025-07-06T19:57:52.918Z] <<< [apiv2][body] POST https://cloudresourcemanager.googleapis.com/v1/projects/moneytimerev-e2351:testIamPermissions {"permissions":["cloudfunctions.functions.create","cloudfunctions.functions.delete","cloudfunctions.functions.get","cloudfunctions.functions.list","cloudfunctions.functions.update","cloudfunctions.operations.get","firebase.projects.get"]}
[debug] [2025-07-06T19:57:52.919Z] Checked if tokens are valid: true, expires at: 1751834082577
[debug] [2025-07-06T19:57:52.919Z] Checked if tokens are valid: true, expires at: 1751834082577
[debug] [2025-07-06T19:57:52.919Z] >>> [apiv2][query] POST https://iam.googleapis.com/v1/projects/moneytimerev-e2351/serviceAccounts/moneytimerev-e2351@appspot.gserviceaccount.com:testIamPermissions [none]
[debug] [2025-07-06T19:57:52.919Z] >>> [apiv2][body] POST https://iam.googleapis.com/v1/projects/moneytimerev-e2351/serviceAccounts/moneytimerev-e2351@appspot.gserviceaccount.com:testIamPermissions {"permissions":["iam.serviceAccounts.actAs"]}
[debug] [2025-07-06T19:57:53.561Z] <<< [apiv2][status] POST https://iam.googleapis.com/v1/projects/moneytimerev-e2351/serviceAccounts/moneytimerev-e2351@appspot.gserviceaccount.com:testIamPermissions 200
[debug] [2025-07-06T19:57:53.562Z] <<< [apiv2][body] POST https://iam.googleapis.com/v1/projects/moneytimerev-e2351/serviceAccounts/moneytimerev-e2351@appspot.gserviceaccount.com:testIamPermissions {"permissions":["iam.serviceAccounts.actAs"]}
[info] 
[info] === Deploying to 'moneytimerev-e2351'...
[info] 
[info] i  deploying functions 
[debug] [2025-07-06T19:57:53.565Z] Checked if tokens are valid: true, expires at: 1751834082577
[debug] [2025-07-06T19:57:53.565Z] Checked if tokens are valid: true, expires at: 1751834082577
[debug] [2025-07-06T19:57:53.565Z] >>> [apiv2][query] GET https://cloudresourcemanager.googleapis.com/v1/projects/moneytimerev-e2351 [none]
[debug] [2025-07-06T19:57:53.736Z] <<< [apiv2][status] GET https://cloudresourcemanager.googleapis.com/v1/projects/moneytimerev-e2351 200
[debug] [2025-07-06T19:57:53.736Z] <<< [apiv2][body] GET https://cloudresourcemanager.googleapis.com/v1/projects/moneytimerev-e2351 {"projectNumber":"428598409137","projectId":"moneytimerev-e2351","lifecycleState":"ACTIVE","name":"moneytimerev","labels":{"firebase":"enabled","firebase-core":"disabled"},"createTime":"2025-07-06T04:56:34.824798Z"}
[info] i  functions: preparing codebase default for deployment 
[info] i  functions: ensuring required API cloudfunctions.googleapis.com is enabled... 
[info] i  functions: ensuring required API cloudbuild.googleapis.com is enabled... 
[info] i  artifactregistry: ensuring required API artifactregistry.googleapis.com is enabled... 
[debug] [2025-07-06T19:57:53.738Z] Checked if tokens are valid: true, expires at: 1751834082577
[debug] [2025-07-06T19:57:53.738Z] Checked if tokens are valid: true, expires at: 1751834082577
[debug] [2025-07-06T19:57:53.738Z] >>> [apiv2][query] GET https://firebase.googleapis.com/v1beta1/projects/moneytimerev-e2351/adminSdkConfig [none]
[debug] [2025-07-06T19:57:53.983Z] <<< [apiv2][status] GET https://firebase.googleapis.com/v1beta1/projects/moneytimerev-e2351/adminSdkConfig 200
[debug] [2025-07-06T19:57:53.983Z] <<< [apiv2][body] GET https://firebase.googleapis.com/v1beta1/projects/moneytimerev-e2351/adminSdkConfig {"projectId":"moneytimerev-e2351","storageBucket":"moneytimerev-e2351.firebasestorage.app"}
[debug] [2025-07-06T19:57:53.984Z] Checked if tokens are valid: true, expires at: 1751834082577
[debug] [2025-07-06T19:57:53.984Z] Checked if tokens are valid: true, expires at: 1751834082577
[debug] [2025-07-06T19:57:53.984Z] >>> [apiv2][query] GET https://runtimeconfig.googleapis.com/v1beta1/projects/moneytimerev-e2351/configs [none]
[debug] [2025-07-06T19:57:54.198Z] <<< [apiv2][status] GET https://runtimeconfig.googleapis.com/v1beta1/projects/moneytimerev-e2351/configs 200
[debug] [2025-07-06T19:57:54.198Z] <<< [apiv2][body] GET https://runtimeconfig.googleapis.com/v1beta1/projects/moneytimerev-e2351/configs {"configs":[{"name":"projects/moneytimerev-e2351/configs/gmail"}]}
[debug] [2025-07-06T19:57:54.199Z] Checked if tokens are valid: true, expires at: 1751834082577
[debug] [2025-07-06T19:57:54.199Z] Checked if tokens are valid: true, expires at: 1751834082577
[debug] [2025-07-06T19:57:54.199Z] >>> [apiv2][query] GET https://runtimeconfig.googleapis.com/v1beta1/projects/moneytimerev-e2351/configs/gmail/variables [none]
[debug] [2025-07-06T19:57:54.365Z] <<< [apiv2][status] GET https://runtimeconfig.googleapis.com/v1beta1/projects/moneytimerev-e2351/configs/gmail/variables 200
[debug] [2025-07-06T19:57:54.365Z] <<< [apiv2][body] GET https://runtimeconfig.googleapis.com/v1beta1/projects/moneytimerev-e2351/configs/gmail/variables {"variables":[{"name":"projects/moneytimerev-e2351/configs/gmail/variables/login","updateTime":"2025-07-06T19:34:46.182990201Z"},{"name":"projects/moneytimerev-e2351/configs/gmail/variables/pass","updateTime":"2025-07-06T19:34:45.440162286Z"}]}
[debug] [2025-07-06T19:57:54.366Z] Checked if tokens are valid: true, expires at: 1751834082577
[debug] [2025-07-06T19:57:54.366Z] Checked if tokens are valid: true, expires at: 1751834082577
[debug] [2025-07-06T19:57:54.366Z] Checked if tokens are valid: true, expires at: 1751834082577
[debug] [2025-07-06T19:57:54.366Z] Checked if tokens are valid: true, expires at: 1751834082577
[debug] [2025-07-06T19:57:54.366Z] >>> [apiv2][query] GET https://runtimeconfig.googleapis.com/v1beta1/projects/moneytimerev-e2351/configs/gmail/variables/login [none]
[debug] [2025-07-06T19:57:54.367Z] >>> [apiv2][query] GET https://runtimeconfig.googleapis.com/v1beta1/projects/moneytimerev-e2351/configs/gmail/variables/pass [none]
[debug] [2025-07-06T19:57:54.537Z] <<< [apiv2][status] GET https://runtimeconfig.googleapis.com/v1beta1/projects/moneytimerev-e2351/configs/gmail/variables/login 200
[debug] [2025-07-06T19:57:54.537Z] <<< [apiv2][body] GET https://runtimeconfig.googleapis.com/v1beta1/projects/moneytimerev-e2351/configs/gmail/variables/login {"name":"projects/moneytimerev-e2351/configs/gmail/variables/login","updateTime":"2025-07-06T19:34:46.182990201Z","text":"frederic.francia.1991@gmail.com"}
[debug] [2025-07-06T19:57:54.558Z] <<< [apiv2][status] GET https://runtimeconfig.googleapis.com/v1beta1/projects/moneytimerev-e2351/configs/gmail/variables/pass 200
[debug] [2025-07-06T19:57:54.559Z] <<< [apiv2][body] GET https://runtimeconfig.googleapis.com/v1beta1/projects/moneytimerev-e2351/configs/gmail/variables/pass {"name":"projects/moneytimerev-e2351/configs/gmail/variables/pass","updateTime":"2025-07-06T19:34:45.440162286Z","text":"lzxf ewdv vves dfnkp"}
[debug] [2025-07-06T19:57:54.562Z] Validating nodejs source
[debug] [2025-07-06T19:57:55.061Z] > [functions] package.json contents: {
  "name": "functions",
  "version": "1.0.0",
  "main": "lib/index.js",
  "scripts": {
    "build": "tsc",
    "deploy": "npm run build && firebase deploy --only functions"
  },
  "engines": {
    "node": "22"
  },
  "dependencies": {
    "firebase-admin": "^13.4.0",
    "firebase-functions": "^6.3.2",
    "nodemailer": "^7.0.4"
  },
  "devDependencies": {
    "@types/node": "^24.0.10",
    "@typescript-eslint/eslint-plugin": "^8.35.1",
    "@typescript-eslint/parser": "^8.35.1",
    "eslint": "^9.30.1",
    "typescript": "^5.8.3"
  }
}
[debug] [2025-07-06T19:57:55.061Z] Building nodejs source
[info] i  functions: Loading and analyzing source code for codebase default to determine what to deploy 
[debug] [2025-07-06T19:57:55.062Z] Could not find functions.yaml. Must use http discovery
[debug] [2025-07-06T19:57:55.067Z] Found firebase-functions binary at '/Users/fredericfrancia/Desktop/moneytimerev-site/moneytimerev/functions/node_modules/.bin/firebase-functions'
[info] Serving at port 8914

[debug] [2025-07-06T19:57:55.445Z] Got response from /__/functions.yaml {"endpoints":{"sendContactEmail":{"availableMemoryMb":null,"timeoutSeconds":null,"minInstances":null,"maxInstances":null,"ingressSettings":null,"concurrency":null,"serviceAccountEmail":null,"vpc":null,"platform":"gcfv2","labels":{},"eventTrigger":{"eventType":"google.cloud.firestore.document.v1.created","eventFilters":{"database":"(default)","namespace":"(default)"},"eventFilterPathPatterns":{"document":"contacts/{contactId}"},"retry":false},"entryPoint":"sendContactEmail"}},"specVersion":"v1alpha1","requiredAPIs":[],"extensions":{}}
[info] i  extensions: ensuring required API firebaseextensions.googleapis.com is enabled... 
[debug] [2025-07-06T19:57:59.470Z] > command requires scopes: ["email","openid","https://www.googleapis.com/auth/cloudplatformprojects.readonly","https://www.googleapis.com/auth/firebase","https://www.googleapis.com/auth/cloud-platform"]
[debug] [2025-07-06T19:57:59.470Z] > authorizing via signed-in user (frederic.francia.1991@gmail.com)
[debug] [2025-07-06T19:57:59.470Z] [iam] checking project moneytimerev-e2351 for permissions ["firebase.projects.get","firebaseextensions.instances.list"]
[debug] [2025-07-06T19:57:59.470Z] Checked if tokens are valid: true, expires at: 1751834082577
[debug] [2025-07-06T19:57:59.470Z] Checked if tokens are valid: true, expires at: 1751834082577
[debug] [2025-07-06T19:57:59.471Z] >>> [apiv2][query] POST https://cloudresourcemanager.googleapis.com/v1/projects/moneytimerev-e2351:testIamPermissions [none]
[debug] [2025-07-06T19:57:59.471Z] >>> [apiv2][(partial)header] POST https://cloudresourcemanager.googleapis.com/v1/projects/moneytimerev-e2351:testIamPermissions x-goog-quota-user=projects/moneytimerev-e2351
[debug] [2025-07-06T19:57:59.471Z] >>> [apiv2][body] POST https://cloudresourcemanager.googleapis.com/v1/projects/moneytimerev-e2351:testIamPermissions {"permissions":["firebase.projects.get","firebaseextensions.instances.list"]}
[debug] [2025-07-06T19:58:00.051Z] <<< [apiv2][status] POST https://cloudresourcemanager.googleapis.com/v1/projects/moneytimerev-e2351:testIamPermissions 200
[debug] [2025-07-06T19:58:00.051Z] <<< [apiv2][body] POST https://cloudresourcemanager.googleapis.com/v1/projects/moneytimerev-e2351:testIamPermissions {"permissions":["firebase.projects.get","firebaseextensions.instances.list"]}
[debug] [2025-07-06T19:58:00.052Z] Checked if tokens are valid: true, expires at: 1751834082577
[debug] [2025-07-06T19:58:00.053Z] Checked if tokens are valid: true, expires at: 1751834082577
[debug] [2025-07-06T19:58:00.053Z] >>> [apiv2][query] GET https://firebaseextensions.googleapis.com/v1beta/projects/moneytimerev-e2351/instances pageSize=100&pageToken=
[debug] [2025-07-06T19:58:00.784Z] <<< [apiv2][status] GET https://firebaseextensions.googleapis.com/v1beta/projects/moneytimerev-e2351/instances 200
[debug] [2025-07-06T19:58:00.784Z] <<< [apiv2][body] GET https://firebaseextensions.googleapis.com/v1beta/projects/moneytimerev-e2351/instances {}
[info] i  functions: preparing functions directory for uploading... 
[info] i  functions: packaged /Users/fredericfrancia/Desktop/moneytimerev-site/moneytimerev/functions (48.4 KB) for uploading 
[debug] [2025-07-06T19:58:00.827Z] Checked if tokens are valid: true, expires at: 1751834082577
[debug] [2025-07-06T19:58:00.827Z] Checked if tokens are valid: true, expires at: 1751834082577
[debug] [2025-07-06T19:58:00.827Z] >>> [apiv2][query] GET https://cloudfunctions.googleapis.com/v1/projects/moneytimerev-e2351/locations/-/functions [none]
[debug] [2025-07-06T19:58:01.399Z] <<< [apiv2][status] GET https://cloudfunctions.googleapis.com/v1/projects/moneytimerev-e2351/locations/-/functions 200
[debug] [2025-07-06T19:58:01.399Z] <<< [apiv2][body] GET https://cloudfunctions.googleapis.com/v1/projects/moneytimerev-e2351/locations/-/functions {}
[debug] [2025-07-06T19:58:01.400Z] Checked if tokens are valid: true, expires at: 1751834082577
[debug] [2025-07-06T19:58:01.400Z] Checked if tokens are valid: true, expires at: 1751834082577
[debug] [2025-07-06T19:58:01.400Z] >>> [apiv2][query] GET https://cloudfunctions.googleapis.com/v2/projects/moneytimerev-e2351/locations/-/functions filter=environment%3D%22GEN_2%22
[debug] [2025-07-06T19:58:02.415Z] <<< [apiv2][status] GET https://cloudfunctions.googleapis.com/v2/projects/moneytimerev-e2351/locations/-/functions 200
[debug] [2025-07-06T19:58:02.415Z] <<< [apiv2][body] GET https://cloudfunctions.googleapis.com/v2/projects/moneytimerev-e2351/locations/-/functions {}
[debug] [2025-07-06T19:58:02.416Z] Checked if tokens are valid: true, expires at: 1751834082577
[debug] [2025-07-06T19:58:02.416Z] Checked if tokens are valid: true, expires at: 1751834082577
[debug] [2025-07-06T19:58:02.416Z] >>> [apiv2][query] GET https://firestore.googleapis.com/v1/projects/moneytimerev-e2351/databases/(default) [none]
[debug] [2025-07-06T19:58:02.531Z] <<< [apiv2][status] GET https://firestore.googleapis.com/v1/projects/moneytimerev-e2351/databases/(default) 200
[debug] [2025-07-06T19:58:02.531Z] <<< [apiv2][body] GET https://firestore.googleapis.com/v1/projects/moneytimerev-e2351/databases/(default) {"name":"projects/moneytimerev-e2351/databases/(default)","uid":"91e0af19-0977-4024-b911-e349a8b98a06","createTime":"2025-07-06T06:36:59.101962Z","updateTime":"2025-07-06T06:36:59.101962Z","locationId":"eur3","type":"FIRESTORE_NATIVE","concurrencyMode":"PESSIMISTIC","versionRetentionPeriod":"3600s","earliestVersionTime":"2025-07-06T18:58:02.560679Z","appEngineIntegrationMode":"DISABLED","keyPrefix":"e","pointInTimeRecoveryEnablement":"POINT_IN_TIME_RECOVERY_DISABLED","deleteProtectionState":"DELETE_PROTECTION_DISABLED","databaseEdition":"STANDARD","freeTier":true,"etag":"IN7kw6iCqY4DMJCmjL3Pp44D"}
[info] i  functions: ensuring required API run.googleapis.com is enabled... 
[info] i  functions: ensuring required API eventarc.googleapis.com is enabled... 
[info] i  functions: ensuring required API pubsub.googleapis.com is enabled... 
[info] i  functions: ensuring required API storage.googleapis.com is enabled... 
[info] i  functions: generating the service identity for pubsub.googleapis.com... 
[debug] [2025-07-06T19:58:02.532Z] Checked if tokens are valid: true, expires at: 1751834082577
[debug] [2025-07-06T19:58:02.532Z] Checked if tokens are valid: true, expires at: 1751834082577
[info] i  functions: generating the service identity for eventarc.googleapis.com... 
[debug] [2025-07-06T19:58:02.532Z] Checked if tokens are valid: true, expires at: 1751834082577
[debug] [2025-07-06T19:58:02.532Z] Checked if tokens are valid: true, expires at: 1751834082577
[debug] [2025-07-06T19:58:02.532Z] >>> [apiv2][query] POST https://serviceusage.googleapis.com/v1beta1/projects/428598409137/services/pubsub.googleapis.com:generateServiceIdentity [none]
[debug] [2025-07-06T19:58:02.532Z] >>> [apiv2][(partial)header] POST https://serviceusage.googleapis.com/v1beta1/projects/428598409137/services/pubsub.googleapis.com:generateServiceIdentity x-goog-quota-user=projects/428598409137
[debug] [2025-07-06T19:58:02.532Z] >>> [apiv2][body] POST https://serviceusage.googleapis.com/v1beta1/projects/428598409137/services/pubsub.googleapis.com:generateServiceIdentity {}
[debug] [2025-07-06T19:58:02.533Z] >>> [apiv2][query] POST https://serviceusage.googleapis.com/v1beta1/projects/428598409137/services/eventarc.googleapis.com:generateServiceIdentity [none]
[debug] [2025-07-06T19:58:02.533Z] >>> [apiv2][(partial)header] POST https://serviceusage.googleapis.com/v1beta1/projects/428598409137/services/eventarc.googleapis.com:generateServiceIdentity x-goog-quota-user=projects/428598409137
[debug] [2025-07-06T19:58:02.533Z] >>> [apiv2][body] POST https://serviceusage.googleapis.com/v1beta1/projects/428598409137/services/eventarc.googleapis.com:generateServiceIdentity {}
[debug] [2025-07-06T19:58:03.350Z] <<< [apiv2][status] POST https://serviceusage.googleapis.com/v1beta1/projects/428598409137/services/eventarc.googleapis.com:generateServiceIdentity 200
[debug] [2025-07-06T19:58:03.350Z] <<< [apiv2][body] POST https://serviceusage.googleapis.com/v1beta1/projects/428598409137/services/eventarc.googleapis.com:generateServiceIdentity {"name":"operations/finished.DONE_OPERATION","done":true,"response":{"@type":"type.googleapis.com/google.api.serviceusage.v1beta1.ServiceIdentity","email":"service-428598409137@gcp-sa-eventarc.iam.gserviceaccount.com","uniqueId":"110711834752394634226"}}
[debug] [2025-07-06T19:58:03.351Z] <<< [apiv2][status] POST https://serviceusage.googleapis.com/v1beta1/projects/428598409137/services/pubsub.googleapis.com:generateServiceIdentity 200
[debug] [2025-07-06T19:58:03.351Z] <<< [apiv2][body] POST https://serviceusage.googleapis.com/v1beta1/projects/428598409137/services/pubsub.googleapis.com:generateServiceIdentity {"name":"operations/finished.DONE_OPERATION","done":true,"response":{"@type":"type.googleapis.com/google.api.serviceusage.v1beta1.ServiceIdentity","email":"service-428598409137@gcp-sa-pubsub.iam.gserviceaccount.com","uniqueId":"107514281180954005366"}}
[debug] [2025-07-06T19:58:03.354Z] Checked if tokens are valid: true, expires at: 1751834082577
[debug] [2025-07-06T19:58:03.354Z] Checked if tokens are valid: true, expires at: 1751834082577
[debug] [2025-07-06T19:58:03.355Z] >>> [apiv2][query] GET https://compute.googleapis.com/compute/v1/projects/428598409137 [none]
[debug] [2025-07-06T19:58:03.509Z] <<< [apiv2][status] GET https://compute.googleapis.com/compute/v1/projects/428598409137 403
[debug] [2025-07-06T19:58:03.509Z] <<< [apiv2][body] GET https://compute.googleapis.com/compute/v1/projects/428598409137 {"error":{"code":403,"message":"Compute Engine API has not been used in project 428598409137 before or it is disabled. Enable it by visiting https://console.developers.google.com/apis/api/compute.googleapis.com/overview?project=428598409137 then retry. If you enabled this API recently, wait a few minutes for the action to propagate to our systems and retry.","errors":[{"message":"Compute Engine API has not been used in project 428598409137 before or it is disabled. Enable it by visiting https://console.developers.google.com/apis/api/compute.googleapis.com/overview?project=428598409137 then retry. If you enabled this API recently, wait a few minutes for the action to propagate to our systems and retry.","domain":"usageLimits","reason":"accessNotConfigured","extendedHelp":"https://console.developers.google.com"}],"status":"PERMISSION_DENIED","details":[{"@type":"type.googleapis.com/google.rpc.ErrorInfo","reason":"SERVICE_DISABLED","domain":"googleapis.com","metadata":{"activationUrl":"https://console.developers.google.com/apis/api/compute.googleapis.com/overview?project=428598409137","consumer":"projects/428598409137","containerInfo":"428598409137","serviceTitle":"Compute Engine API","service":"compute.googleapis.com"}},{"@type":"type.googleapis.com/google.rpc.LocalizedMessage","locale":"en-US","message":"Compute Engine API has not been used in project 428598409137 before or it is disabled. Enable it by visiting https://console.developers.google.com/apis/api/compute.googleapis.com/overview?project=428598409137 then retry. If you enabled this API recently, wait a few minutes for the action to propagate to our systems and retry."},{"@type":"type.googleapis.com/google.rpc.Help","links":[{"description":"Google developers console API activation","url":"https://console.developers.google.com/apis/api/compute.googleapis.com/overview?project=428598409137"}]}]}}
[debug] [2025-07-06T19:58:03.510Z] unable to look up default compute service account. Falling back to 428598409137-compute@developer.gserviceaccount.com. Error: {"name":"FirebaseError","children":[],"context":{"body":{"error":{"code":403,"message":"Compute Engine API has not been used in project 428598409137 before or it is disabled. Enable it by visiting https://console.developers.google.com/apis/api/compute.googleapis.com/overview?project=428598409137 then retry. If you enabled this API recently, wait a few minutes for the action to propagate to our systems and retry.","errors":[{"message":"Compute Engine API has not been used in project 428598409137 before or it is disabled. Enable it by visiting https://console.developers.google.com/apis/api/compute.googleapis.com/overview?project=428598409137 then retry. If you enabled this API recently, wait a few minutes for the action to propagate to our systems and retry.","domain":"usageLimits","reason":"accessNotConfigured","extendedHelp":"https://console.developers.google.com"}],"status":"PERMISSION_DENIED","details":[{"@type":"type.googleapis.com/google.rpc.ErrorInfo","reason":"SERVICE_DISABLED","domain":"googleapis.com","metadata":{"activationUrl":"https://console.developers.google.com/apis/api/compute.googleapis.com/overview?project=428598409137","consumer":"projects/428598409137","containerInfo":"428598409137","serviceTitle":"Compute Engine API","service":"compute.googleapis.com"}},{"@type":"type.googleapis.com/google.rpc.LocalizedMessage","locale":"en-US","message":"Compute Engine API has not been used in project 428598409137 before or it is disabled. Enable it by visiting https://console.developers.google.com/apis/api/compute.googleapis.com/overview?project=428598409137 then retry. If you enabled this API recently, wait a few minutes for the action to propagate to our systems and retry."},{"@type":"type.googleapis.com/google.rpc.Help","links":[{"description":"Google developers console API activation","url":"https://console.developers.google.com/apis/api/compute.googleapis.com/overview?project=428598409137"}]}]}},"response":{"statusCode":403}},"exit":1,"message":"Request to https://compute.googleapis.com/compute/v1/projects/428598409137 had HTTP Error: 403, Compute Engine API has not been used in project 428598409137 before or it is disabled. Enable it by visiting https://console.developers.google.com/apis/api/compute.googleapis.com/overview?project=428598409137 then retry. If you enabled this API recently, wait a few minutes for the action to propagate to our systems and retry.","status":403}
[debug] [2025-07-06T19:58:03.511Z] Checked if tokens are valid: true, expires at: 1751834082577
[debug] [2025-07-06T19:58:03.511Z] Checked if tokens are valid: true, expires at: 1751834082577
[debug] [2025-07-06T19:58:03.511Z] >>> [apiv2][query] POST https://cloudresourcemanager.googleapis.com/v1/projects/428598409137:getIamPolicy [none]
[debug] [2025-07-06T19:58:03.803Z] <<< [apiv2][status] POST https://cloudresourcemanager.googleapis.com/v1/projects/428598409137:getIamPolicy 200
[debug] [2025-07-06T19:58:03.804Z] <<< [apiv2][body] POST https://cloudresourcemanager.googleapis.com/v1/projects/428598409137:getIamPolicy {"version":1,"etag":"BwY5SAASUgI=","bindings":[{"role":"roles/artifactregistry.serviceAgent","members":["serviceAccount:service-428598409137@gcp-sa-artifactregistry.iam.gserviceaccount.com"]},{"role":"roles/cloudbuild.builds.builder","members":["serviceAccount:428598409137@cloudbuild.gserviceaccount.com"]},{"role":"roles/cloudbuild.serviceAgent","members":["serviceAccount:service-428598409137@gcp-sa-cloudbuild.iam.gserviceaccount.com"]},{"role":"roles/cloudfunctions.developer","members":["serviceAccount:github-action-1010830070@moneytimerev-e2351.iam.gserviceaccount.com"]},{"role":"roles/cloudfunctions.serviceAgent","members":["serviceAccount:service-428598409137@gcf-admin-robot.iam.gserviceaccount.com"]},{"role":"roles/containerregistry.ServiceAgent","members":["serviceAccount:service-428598409137@containerregistry.iam.gserviceaccount.com"]},{"role":"roles/editor","members":["serviceAccount:428598409137-compute@developer.gserviceaccount.com","serviceAccount:428598409137@cloudservices.gserviceaccount.com","serviceAccount:moneytimerev-e2351@appspot.gserviceaccount.com"]},{"role":"roles/eventarc.eventReceiver","members":["serviceAccount:428598409137-compute@developer.gserviceaccount.com"]},{"role":"roles/eventarc.serviceAgent","members":["serviceAccount:service-428598409137@gcp-sa-eventarc.iam.gserviceaccount.com"]},{"role":"roles/firebase.managementServiceAgent","members":["serviceAccount:service-428598409137@gcp-sa-firebase.iam.gserviceaccount.com"]},{"role":"roles/firebase.sdkAdminServiceAgent","members":["serviceAccount:firebase-adminsdk-fbsvc@moneytimerev-e2351.iam.gserviceaccount.com"]},{"role":"roles/firebaseauth.admin","members":["serviceAccount:github-action-1010830070@moneytimerev-e2351.iam.gserviceaccount.com"]},{"role":"roles/firebasehosting.admin","members":["serviceAccount:github-action-1010830070@moneytimerev-e2351.iam.gserviceaccount.com"]},{"role":"roles/firebasemods.serviceAgent","members":["serviceAccount:service-428598409137@gcp-sa-firebasemods.iam.gserviceaccount.com"]},{"role":"roles/firebaserules.system","members":["serviceAccount:service-428598409137@firebase-rules.iam.gserviceaccount.com"]},{"role":"roles/firestore.serviceAgent","members":["serviceAccount:service-428598409137@gcp-sa-firestore.iam.gserviceaccount.com"]},{"role":"roles/iam.serviceAccountTokenCreator","members":["serviceAccount:firebase-adminsdk-fbsvc@moneytimerev-e2351.iam.gserviceaccount.com","serviceAccount:service-428598409137@gcp-sa-pubsub.iam.gserviceaccount.com"]},{"role":"roles/owner","members":["user:frederic.francia.1991@gmail.com"]},{"role":"roles/run.invoker","members":["serviceAccount:428598409137-compute@developer.gserviceaccount.com"]},{"role":"roles/run.serviceAgent","members":["serviceAccount:service-428598409137@serverless-robot-prod.iam.gserviceaccount.com"]},{"role":"roles/run.viewer","members":["serviceAccount:github-action-1010830070@moneytimerev-e2351.iam.gserviceaccount.com"]},{"role":"roles/serviceusage.apiKeysViewer","members":["serviceAccount:github-action-1010830070@moneytimerev-e2351.iam.gserviceaccount.com"]},{"role":"roles/serviceusage.serviceUsageConsumer","members":["serviceAccount:github-action-1010830070@moneytimerev-e2351.iam.gserviceaccount.com"]}]}
[debug] [2025-07-06T19:58:03.806Z] Checked if tokens are valid: true, expires at: 1751834082577
[debug] [2025-07-06T19:58:03.806Z] Checked if tokens are valid: true, expires at: 1751834082577
[debug] [2025-07-06T19:58:03.806Z] >>> [apiv2][query] GET https://cloudresourcemanager.googleapis.com/v1/projects/moneytimerev-e2351 [none]
[debug] [2025-07-06T19:58:04.164Z] <<< [apiv2][status] GET https://cloudresourcemanager.googleapis.com/v1/projects/moneytimerev-e2351 200
[debug] [2025-07-06T19:58:04.165Z] <<< [apiv2][body] GET https://cloudresourcemanager.googleapis.com/v1/projects/moneytimerev-e2351 {"projectNumber":"428598409137","projectId":"moneytimerev-e2351","lifecycleState":"ACTIVE","name":"moneytimerev","labels":{"firebase":"enabled","firebase-core":"disabled"},"createTime":"2025-07-06T04:56:34.824798Z"}
[debug] [2025-07-06T19:58:04.165Z] Checked if tokens are valid: true, expires at: 1751834082577
[debug] [2025-07-06T19:58:04.165Z] Checked if tokens are valid: true, expires at: 1751834082577
[debug] [2025-07-06T19:58:04.165Z] >>> [apiv2][query] GET https://compute.googleapis.com/compute/v1/projects/428598409137 [none]
[debug] [2025-07-06T19:58:04.290Z] <<< [apiv2][status] GET https://compute.googleapis.com/compute/v1/projects/428598409137 403
[debug] [2025-07-06T19:58:04.290Z] <<< [apiv2][body] GET https://compute.googleapis.com/compute/v1/projects/428598409137 {"error":{"code":403,"message":"Compute Engine API has not been used in project 428598409137 before or it is disabled. Enable it by visiting https://console.developers.google.com/apis/api/compute.googleapis.com/overview?project=428598409137 then retry. If you enabled this API recently, wait a few minutes for the action to propagate to our systems and retry.","errors":[{"message":"Compute Engine API has not been used in project 428598409137 before or it is disabled. Enable it by visiting https://console.developers.google.com/apis/api/compute.googleapis.com/overview?project=428598409137 then retry. If you enabled this API recently, wait a few minutes for the action to propagate to our systems and retry.","domain":"usageLimits","reason":"accessNotConfigured","extendedHelp":"https://console.developers.google.com"}],"status":"PERMISSION_DENIED","details":[{"@type":"type.googleapis.com/google.rpc.ErrorInfo","reason":"SERVICE_DISABLED","domain":"googleapis.com","metadata":{"consumer":"projects/428598409137","service":"compute.googleapis.com","containerInfo":"428598409137","activationUrl":"https://console.developers.google.com/apis/api/compute.googleapis.com/overview?project=428598409137","serviceTitle":"Compute Engine API"}},{"@type":"type.googleapis.com/google.rpc.LocalizedMessage","locale":"en-US","message":"Compute Engine API has not been used in project 428598409137 before or it is disabled. Enable it by visiting https://console.developers.google.com/apis/api/compute.googleapis.com/overview?project=428598409137 then retry. If you enabled this API recently, wait a few minutes for the action to propagate to our systems and retry."},{"@type":"type.googleapis.com/google.rpc.Help","links":[{"description":"Google developers console API activation","url":"https://console.developers.google.com/apis/api/compute.googleapis.com/overview?project=428598409137"}]}]}}
[debug] [2025-07-06T19:58:04.290Z] unable to look up default compute service account. Falling back to 428598409137-compute@developer.gserviceaccount.com. Error: {"name":"FirebaseError","children":[],"context":{"body":{"error":{"code":403,"message":"Compute Engine API has not been used in project 428598409137 before or it is disabled. Enable it by visiting https://console.developers.google.com/apis/api/compute.googleapis.com/overview?project=428598409137 then retry. If you enabled this API recently, wait a few minutes for the action to propagate to our systems and retry.","errors":[{"message":"Compute Engine API has not been used in project 428598409137 before or it is disabled. Enable it by visiting https://console.developers.google.com/apis/api/compute.googleapis.com/overview?project=428598409137 then retry. If you enabled this API recently, wait a few minutes for the action to propagate to our systems and retry.","domain":"usageLimits","reason":"accessNotConfigured","extendedHelp":"https://console.developers.google.com"}],"status":"PERMISSION_DENIED","details":[{"@type":"type.googleapis.com/google.rpc.ErrorInfo","reason":"SERVICE_DISABLED","domain":"googleapis.com","metadata":{"consumer":"projects/428598409137","service":"compute.googleapis.com","containerInfo":"428598409137","activationUrl":"https://console.developers.google.com/apis/api/compute.googleapis.com/overview?project=428598409137","serviceTitle":"Compute Engine API"}},{"@type":"type.googleapis.com/google.rpc.LocalizedMessage","locale":"en-US","message":"Compute Engine API has not been used in project 428598409137 before or it is disabled. Enable it by visiting https://console.developers.google.com/apis/api/compute.googleapis.com/overview?project=428598409137 then retry. If you enabled this API recently, wait a few minutes for the action to propagate to our systems and retry."},{"@type":"type.googleapis.com/google.rpc.Help","links":[{"description":"Google developers console API activation","url":"https://console.developers.google.com/apis/api/compute.googleapis.com/overview?project=428598409137"}]}]}},"response":{"statusCode":403}},"exit":1,"message":"Request to https://compute.googleapis.com/compute/v1/projects/428598409137 had HTTP Error: 403, Compute Engine API has not been used in project 428598409137 before or it is disabled. Enable it by visiting https://console.developers.google.com/apis/api/compute.googleapis.com/overview?project=428598409137 then retry. If you enabled this API recently, wait a few minutes for the action to propagate to our systems and retry.","status":403}
[debug] [2025-07-06T19:58:04.291Z] Checked if tokens are valid: true, expires at: 1751834082577
[debug] [2025-07-06T19:58:04.291Z] Checked if tokens are valid: true, expires at: 1751834082577
[debug] [2025-07-06T19:58:04.291Z] >>> [apiv2][query] GET https://cloudbilling.googleapis.com/v1/projects/moneytimerev-e2351/billingInfo [none]
[debug] [2025-07-06T19:58:04.576Z] <<< [apiv2][status] GET https://cloudbilling.googleapis.com/v1/projects/moneytimerev-e2351/billingInfo 200
[debug] [2025-07-06T19:58:04.577Z] <<< [apiv2][body] GET https://cloudbilling.googleapis.com/v1/projects/moneytimerev-e2351/billingInfo {"name":"projects/moneytimerev-e2351/billingInfo","projectId":"moneytimerev-e2351","billingAccountName":"billingAccounts/010E21-6997CA-743222","billingEnabled":true}
[debug] [2025-07-06T19:58:04.578Z] Checked if tokens are valid: true, expires at: 1751834082577
[debug] [2025-07-06T19:58:04.578Z] Checked if tokens are valid: true, expires at: 1751834082577
[debug] [2025-07-06T19:58:04.578Z] >>> [apiv2][query] POST https://cloudfunctions.googleapis.com/v2/projects/moneytimerev-e2351/locations/us-central1/functions:generateUploadUrl [none]
[debug] [2025-07-06T19:58:05.308Z] <<< [apiv2][status] POST https://cloudfunctions.googleapis.com/v2/projects/moneytimerev-e2351/locations/us-central1/functions:generateUploadUrl 200
[debug] [2025-07-06T19:58:05.308Z] <<< [apiv2][body] POST https://cloudfunctions.googleapis.com/v2/projects/moneytimerev-e2351/locations/us-central1/functions:generateUploadUrl {"uploadUrl":"https://storage.googleapis.com/gcf-v2-uploads-428598409137.us-central1.cloudfunctions.appspot.com/f136f5cf-eac9-4ee3-8a52-bf46ec6c88ba.zip?GoogleAccessId=service-428598409137@gcf-admin-robot.iam.gserviceaccount.com&Expires=1751833685&Signature=feqYzXX24mgS66JicambBdmE0zIr%2Bt1gCqfjyGWo95uosrKSYTShHDwFB%2FUf3Ta%2FdSUlv7abU%2BR31%2Fj3NpCwfrTnUGUtS3Wt9jiGnJYbUW57ivZeeIYB%2BiO1ZnixpBziseOyvQWSklmFBO3cJ2BkFnz9spG80QFBZ%2FQV9ywBMx%2FFkn%2BrylqDcnsV0DJddD%2FQYU796LAlR6IFGDesvxptiJy3dVEA3G2qfs%2Fwa8qkKadAJdb5WXhKUPt1WIQZYxcmucpkyB20S736XISTWyipupdnPBppoeIVMrg2mRMpZsdZmD6N5GKOQp2Rix0UlutVIkCsFJlMKUU4myFZ0PIRyQ%3D%3D","storageSource":{"bucket":"gcf-v2-uploads-428598409137.us-central1.cloudfunctions.appspot.com","object":"f136f5cf-eac9-4ee3-8a52-bf46ec6c88ba.zip"}}
[debug] [2025-07-06T19:58:05.310Z] >>> [apiv2][query] PUT https://storage.googleapis.com/gcf-v2-uploads-428598409137.us-central1.cloudfunctions.appspot.com/f136f5cf-eac9-4ee3-8a52-bf46ec6c88ba.zip GoogleAccessId=service-428598409137%40gcf-admin-robot.iam.gserviceaccount.com&Expires=1751833685&Signature=feqYzXX24mgS66JicambBdmE0zIr%2Bt1gCqfjyGWo95uosrKSYTShHDwFB%2FUf3Ta%2FdSUlv7abU%2BR31%2Fj3NpCwfrTnUGUtS3Wt9jiGnJYbUW57ivZeeIYB%2BiO1ZnixpBziseOyvQWSklmFBO3cJ2BkFnz9spG80QFBZ%2FQV9ywBMx%2FFkn%2BrylqDcnsV0DJddD%2FQYU796LAlR6IFGDesvxptiJy3dVEA3G2qfs%2Fwa8qkKadAJdb5WXhKUPt1WIQZYxcmucpkyB20S736XISTWyipupdnPBppoeIVMrg2mRMpZsdZmD6N5GKOQp2Rix0UlutVIkCsFJlMKUU4myFZ0PIRyQ%3D%3D
[debug] [2025-07-06T19:58:05.310Z] >>> [apiv2][body] PUT https://storage.googleapis.com/gcf-v2-uploads-428598409137.us-central1.cloudfunctions.appspot.com/f136f5cf-eac9-4ee3-8a52-bf46ec6c88ba.zip [stream]
[debug] [2025-07-06T19:58:05.708Z] <<< [apiv2][status] PUT https://storage.googleapis.com/gcf-v2-uploads-428598409137.us-central1.cloudfunctions.appspot.com/f136f5cf-eac9-4ee3-8a52-bf46ec6c88ba.zip 200
[debug] [2025-07-06T19:58:05.708Z] <<< [apiv2][body] PUT https://storage.googleapis.com/gcf-v2-uploads-428598409137.us-central1.cloudfunctions.appspot.com/f136f5cf-eac9-4ee3-8a52-bf46ec6c88ba.zip [omitted]
[info] ✔  functions: functions folder uploaded successfully 
[info] i  functions: creating Node.js 22 (2nd Gen) function sendContactEmail(us-central1)... 
[debug] [2025-07-06T19:58:05.715Z] Checked if tokens are valid: true, expires at: 1751834082577
[debug] [2025-07-06T19:58:05.715Z] Checked if tokens are valid: true, expires at: 1751834082577
[debug] [2025-07-06T19:58:05.715Z] >>> [apiv2][query] POST https://cloudfunctions.googleapis.com/v2/projects/moneytimerev-e2351/locations/us-central1/functions functionId=sendContactEmail
[debug] [2025-07-06T19:58:05.715Z] >>> [apiv2][body] POST https://cloudfunctions.googleapis.com/v2/projects/moneytimerev-e2351/locations/us-central1/functions {"name":"projects/moneytimerev-e2351/locations/us-central1/functions/sendContactEmail","buildConfig":{"runtime":"nodejs22","entryPoint":"sendContactEmail","source":{"storageSource":{"bucket":"gcf-v2-uploads-428598409137.us-central1.cloudfunctions.appspot.com","object":"f136f5cf-eac9-4ee3-8a52-bf46ec6c88ba.zip"}},"environmentVariables":{"GOOGLE_NODE_RUN_SCRIPTS":""}},"serviceConfig":{"environmentVariables":{"FIREBASE_CONFIG":"{\"projectId\":\"moneytimerev-e2351\",\"storageBucket\":\"moneytimerev-e2351.firebasestorage.app\"}","GCLOUD_PROJECT":"moneytimerev-e2351","EVENTARC_CLOUD_EVENT_SOURCE":"projects/moneytimerev-e2351/locations/us-central1/services/sendContactEmail","FUNCTION_SIGNATURE_TYPE":"cloudevent","FUNCTION_TARGET":"sendContactEmail","LOG_EXECUTION_ID":"true"},"ingressSettings":null,"timeoutSeconds":null,"serviceAccountEmail":null,"availableMemory":"256Mi","minInstanceCount":null,"maxInstanceCount":null,"maxInstanceRequestConcurrency":80,"availableCpu":"1","vpcConnector":null,"vpcConnectorEgressSettings":null},"labels":{"deployment-tool":"cli-firebase","firebase-functions-hash":"470f8c36b51f49a74b9b00db669961627a02e57c"},"eventTrigger":{"eventType":"google.cloud.firestore.document.v1.created","retryPolicy":"RETRY_POLICY_DO_NOT_RETRY","eventFilters":[{"attribute":"database","value":"(default)"},{"attribute":"namespace","value":"(default)"},{"attribute":"document","value":"contacts/{contactId}","operator":"match-path-pattern"}],"triggerRegion":"eur3"}}
[debug] [2025-07-06T19:58:07.834Z] <<< [apiv2][status] POST https://cloudfunctions.googleapis.com/v2/projects/moneytimerev-e2351/locations/us-central1/functions 200
[debug] [2025-07-06T19:58:07.834Z] <<< [apiv2][body] POST https://cloudfunctions.googleapis.com/v2/projects/moneytimerev-e2351/locations/us-central1/functions {"name":"projects/moneytimerev-e2351/locations/us-central1/operations/operation-1751831886379-63948254b3af3-4c68b3da-1d285d23","metadata":{"@type":"type.googleapis.com/google.cloud.functions.v2.OperationMetadata","createTime":"2025-07-06T19:58:07.794017322Z","target":"projects/moneytimerev-e2351/locations/us-central1/functions/sendContactEmail","verb":"create","cancelRequested":false,"apiVersion":"v2"},"done":false}
[debug] [2025-07-06T19:58:07.836Z] Checked if tokens are valid: true, expires at: 1751834082577
[debug] [2025-07-06T19:58:07.836Z] Checked if tokens are valid: true, expires at: 1751834082577
[debug] [2025-07-06T19:58:07.836Z] >>> [apiv2][query] GET https://cloudfunctions.googleapis.com/v2/projects/moneytimerev-e2351/locations/us-central1/operations/operation-1751831886379-63948254b3af3-4c68b3da-1d285d23 [none]
[debug] [2025-07-06T19:58:08.511Z] <<< [apiv2][status] GET https://cloudfunctions.googleapis.com/v2/projects/moneytimerev-e2351/locations/us-central1/operations/operation-1751831886379-63948254b3af3-4c68b3da-1d285d23 200
[debug] [2025-07-06T19:58:08.511Z] <<< [apiv2][body] GET https://cloudfunctions.googleapis.com/v2/projects/moneytimerev-e2351/locations/us-central1/operations/operation-1751831886379-63948254b3af3-4c68b3da-1d285d23 {"name":"projects/moneytimerev-e2351/locations/us-central1/operations/operation-1751831886379-63948254b3af3-4c68b3da-1d285d23","metadata":{"@type":"type.googleapis.com/google.cloud.functions.v2.OperationMetadata","createTime":"2025-07-06T19:58:07.794017322Z","target":"projects/moneytimerev-e2351/locations/us-central1/functions/sendContactEmail","verb":"create","cancelRequested":false,"apiVersion":"v2","requestResource":{"@type":"type.googleapis.com/google.cloud.functions.v2.Function","name":"projects/moneytimerev-e2351/locations/us-central1/functions/sendContactEmail","buildConfig":{"runtime":"nodejs22","entryPoint":"sendContactEmail","source":{"storageSource":{"bucket":"gcf-v2-sources-428598409137-us-central1","object":"sendContactEmail/function-source.zip","generation":"1751831886629407"}},"environmentVariables":{"GOOGLE_NODE_RUN_SCRIPTS":""},"serviceAccount":"projects/moneytimerev-e2351/serviceAccounts/428598409137-compute@developer.gserviceaccount.com","automaticUpdatePolicy":{}},"serviceConfig":{"service":"projects/moneytimerev-e2351/locations/us-central1/services/sendcontactemail","timeoutSeconds":60,"environmentVariables":{"FIREBASE_CONFIG":"{\"projectId\":\"moneytimerev-e2351\",\"storageBucket\":\"moneytimerev-e2351.firebasestorage.app\"}","GCLOUD_PROJECT":"moneytimerev-e2351","EVENTARC_CLOUD_EVENT_SOURCE":"projects/moneytimerev-e2351/locations/us-central1/services/sendContactEmail","FUNCTION_SIGNATURE_TYPE":"cloudevent","FUNCTION_TARGET":"sendContactEmail","LOG_EXECUTION_ID":"true"},"ingressSettings":"ALLOW_ALL","serviceAccountEmail":"428598409137-compute@developer.gserviceaccount.com","availableMemory":"256Mi","maxInstanceRequestConcurrency":80,"availableCpu":"1"},"eventTrigger":{"trigger":"projects/moneytimerev-e2351/locations/eur3/triggers/sendcontactemail-050291","triggerRegion":"eur3","eventType":"google.cloud.firestore.document.v1.created","eventFilters":[{"attribute":"database","value":"(default)"},{"attribute":"namespace","value":"(default)"},{"attribute":"document","value":"contacts/{contactId}","operator":"match-path-pattern"}],"serviceAccountEmail":"428598409137-compute@developer.gserviceaccount.com","retryPolicy":"RETRY_POLICY_DO_NOT_RETRY"},"labels":{"deployment-tool":"cli-firebase","firebase-functions-hash":"470f8c36b51f49a74b9b00db669961627a02e57c"},"environment":"GEN_2"},"stages":[{"name":"BUILD","state":"NOT_STARTED"},{"name":"SERVICE","state":"NOT_STARTED"},{"name":"TRIGGER","state":"NOT_STARTED"}],"operationType":"CREATE_FUNCTION"},"done":false}
[debug] [2025-07-06T19:58:09.013Z] [create-default-us-central1-sendContactEmail] Retrying task index 0
[debug] [2025-07-06T19:58:09.014Z] Checked if tokens are valid: true, expires at: 1751834082577
[debug] [2025-07-06T19:58:09.014Z] Checked if tokens are valid: true, expires at: 1751834082577
[debug] [2025-07-06T19:58:09.014Z] >>> [apiv2][query] GET https://cloudfunctions.googleapis.com/v2/projects/moneytimerev-e2351/locations/us-central1/operations/operation-1751831886379-63948254b3af3-4c68b3da-1d285d23 [none]
[debug] [2025-07-06T19:58:09.726Z] <<< [apiv2][status] GET https://cloudfunctions.googleapis.com/v2/projects/moneytimerev-e2351/locations/us-central1/operations/operation-1751831886379-63948254b3af3-4c68b3da-1d285d23 200
[debug] [2025-07-06T19:58:09.727Z] <<< [apiv2][body] GET https://cloudfunctions.googleapis.com/v2/projects/moneytimerev-e2351/locations/us-central1/operations/operation-1751831886379-63948254b3af3-4c68b3da-1d285d23 {"name":"projects/moneytimerev-e2351/locations/us-central1/operations/operation-1751831886379-63948254b3af3-4c68b3da-1d285d23","metadata":{"@type":"type.googleapis.com/google.cloud.functions.v2.OperationMetadata","createTime":"2025-07-06T19:58:07.794017322Z","target":"projects/moneytimerev-e2351/locations/us-central1/functions/sendContactEmail","verb":"create","cancelRequested":false,"apiVersion":"v2","requestResource":{"@type":"type.googleapis.com/google.cloud.functions.v2.Function","name":"projects/moneytimerev-e2351/locations/us-central1/functions/sendContactEmail","buildConfig":{"runtime":"nodejs22","entryPoint":"sendContactEmail","source":{"storageSource":{"bucket":"gcf-v2-sources-428598409137-us-central1","object":"sendContactEmail/function-source.zip","generation":"1751831886629407"}},"environmentVariables":{"GOOGLE_NODE_RUN_SCRIPTS":""},"serviceAccount":"projects/moneytimerev-e2351/serviceAccounts/428598409137-compute@developer.gserviceaccount.com","automaticUpdatePolicy":{}},"serviceConfig":{"service":"projects/moneytimerev-e2351/locations/us-central1/services/sendcontactemail","timeoutSeconds":60,"environmentVariables":{"FIREBASE_CONFIG":"{\"projectId\":\"moneytimerev-e2351\",\"storageBucket\":\"moneytimerev-e2351.firebasestorage.app\"}","GCLOUD_PROJECT":"moneytimerev-e2351","EVENTARC_CLOUD_EVENT_SOURCE":"projects/moneytimerev-e2351/locations/us-central1/services/sendContactEmail","FUNCTION_SIGNATURE_TYPE":"cloudevent","FUNCTION_TARGET":"sendContactEmail","LOG_EXECUTION_ID":"true"},"ingressSettings":"ALLOW_ALL","serviceAccountEmail":"428598409137-compute@developer.gserviceaccount.com","availableMemory":"256Mi","maxInstanceRequestConcurrency":80,"availableCpu":"1"},"eventTrigger":{"trigger":"projects/moneytimerev-e2351/locations/eur3/triggers/sendcontactemail-050291","triggerRegion":"eur3","eventType":"google.cloud.firestore.document.v1.created","eventFilters":[{"attribute":"database","value":"(default)"},{"attribute":"namespace","value":"(default)"},{"attribute":"document","value":"contacts/{contactId}","operator":"match-path-pattern"}],"serviceAccountEmail":"428598409137-compute@developer.gserviceaccount.com","retryPolicy":"RETRY_POLICY_DO_NOT_RETRY"},"labels":{"deployment-tool":"cli-firebase","firebase-functions-hash":"470f8c36b51f49a74b9b00db669961627a02e57c"},"environment":"GEN_2"},"stages":[{"name":"BUILD","message":"Build in progress","state":"IN_PROGRESS","resource":"projects/428598409137/locations/us-central1/builds/1656e461-7560-4079-b390-e4e3d8d4cd88","resourceUri":"https://console.cloud.google.com/cloud-build/builds;region=us-central1/1656e461-7560-4079-b390-e4e3d8d4cd88?project=428598409137"},{"name":"SERVICE","state":"NOT_STARTED"},{"name":"TRIGGER","state":"NOT_STARTED"}],"operationType":"CREATE_FUNCTION","buildName":"projects/428598409137/locations/us-central1/builds/1656e461-7560-4079-b390-e4e3d8d4cd88"},"done":false}
[debug] [2025-07-06T19:58:10.727Z] [create-default-us-central1-sendContactEmail] Retrying task index 0
[debug] [2025-07-06T19:58:10.728Z] Checked if tokens are valid: true, expires at: 1751834082577
[debug] [2025-07-06T19:58:10.728Z] Checked if tokens are valid: true, expires at: 1751834082577
[debug] [2025-07-06T19:58:10.728Z] >>> [apiv2][query] GET https://cloudfunctions.googleapis.com/v2/projects/moneytimerev-e2351/locations/us-central1/operations/operation-1751831886379-63948254b3af3-4c68b3da-1d285d23 [none]
[debug] [2025-07-06T19:58:11.435Z] <<< [apiv2][status] GET https://cloudfunctions.googleapis.com/v2/projects/moneytimerev-e2351/locations/us-central1/operations/operation-1751831886379-63948254b3af3-4c68b3da-1d285d23 200
[debug] [2025-07-06T19:58:11.435Z] <<< [apiv2][body] GET https://cloudfunctions.googleapis.com/v2/projects/moneytimerev-e2351/locations/us-central1/operations/operation-1751831886379-63948254b3af3-4c68b3da-1d285d23 {"name":"projects/moneytimerev-e2351/locations/us-central1/operations/operation-1751831886379-63948254b3af3-4c68b3da-1d285d23","metadata":{"@type":"type.googleapis.com/google.cloud.functions.v2.OperationMetadata","createTime":"2025-07-06T19:58:07.794017322Z","target":"projects/moneytimerev-e2351/locations/us-central1/functions/sendContactEmail","verb":"create","cancelRequested":false,"apiVersion":"v2","requestResource":{"@type":"type.googleapis.com/google.cloud.functions.v2.Function","name":"projects/moneytimerev-e2351/locations/us-central1/functions/sendContactEmail","buildConfig":{"runtime":"nodejs22","entryPoint":"sendContactEmail","source":{"storageSource":{"bucket":"gcf-v2-sources-428598409137-us-central1","object":"sendContactEmail/function-source.zip","generation":"1751831886629407"}},"environmentVariables":{"GOOGLE_NODE_RUN_SCRIPTS":""},"serviceAccount":"projects/moneytimerev-e2351/serviceAccounts/428598409137-compute@developer.gserviceaccount.com","automaticUpdatePolicy":{}},"serviceConfig":{"service":"projects/moneytimerev-e2351/locations/us-central1/services/sendcontactemail","timeoutSeconds":60,"environmentVariables":{"FIREBASE_CONFIG":"{\"projectId\":\"moneytimerev-e2351\",\"storageBucket\":\"moneytimerev-e2351.firebasestorage.app\"}","GCLOUD_PROJECT":"moneytimerev-e2351","EVENTARC_CLOUD_EVENT_SOURCE":"projects/moneytimerev-e2351/locations/us-central1/services/sendContactEmail","FUNCTION_SIGNATURE_TYPE":"cloudevent","FUNCTION_TARGET":"sendContactEmail","LOG_EXECUTION_ID":"true"},"ingressSettings":"ALLOW_ALL","serviceAccountEmail":"428598409137-compute@developer.gserviceaccount.com","availableMemory":"256Mi","maxInstanceRequestConcurrency":80,"availableCpu":"1"},"eventTrigger":{"trigger":"projects/moneytimerev-e2351/locations/eur3/triggers/sendcontactemail-050291","triggerRegion":"eur3","eventType":"google.cloud.firestore.document.v1.created","eventFilters":[{"attribute":"database","value":"(default)"},{"attribute":"namespace","value":"(default)"},{"attribute":"document","value":"contacts/{contactId}","operator":"match-path-pattern"}],"serviceAccountEmail":"428598409137-compute@developer.gserviceaccount.com","retryPolicy":"RETRY_POLICY_DO_NOT_RETRY"},"labels":{"deployment-tool":"cli-firebase","firebase-functions-hash":"470f8c36b51f49a74b9b00db669961627a02e57c"},"environment":"GEN_2"},"stages":[{"name":"BUILD","message":"Build in progress","state":"IN_PROGRESS","resource":"projects/428598409137/locations/us-central1/builds/1656e461-7560-4079-b390-e4e3d8d4cd88","resourceUri":"https://console.cloud.google.com/cloud-build/builds;region=us-central1/1656e461-7560-4079-b390-e4e3d8d4cd88?project=428598409137"},{"name":"SERVICE","state":"NOT_STARTED"},{"name":"TRIGGER","state":"NOT_STARTED"}],"operationType":"CREATE_FUNCTION","buildName":"projects/428598409137/locations/us-central1/builds/1656e461-7560-4079-b390-e4e3d8d4cd88"},"done":false}
[debug] [2025-07-06T19:58:13.437Z] [create-default-us-central1-sendContactEmail] Retrying task index 0
[debug] [2025-07-06T19:58:13.437Z] Checked if tokens are valid: true, expires at: 1751834082577
[debug] [2025-07-06T19:58:13.438Z] Checked if tokens are valid: true, expires at: 1751834082577
[debug] [2025-07-06T19:58:13.438Z] >>> [apiv2][query] GET https://cloudfunctions.googleapis.com/v2/projects/moneytimerev-e2351/locations/us-central1/operations/operation-1751831886379-63948254b3af3-4c68b3da-1d285d23 [none]
[debug] [2025-07-06T19:58:13.683Z] <<< [apiv2][status] GET https://cloudfunctions.googleapis.com/v2/projects/moneytimerev-e2351/locations/us-central1/operations/operation-1751831886379-63948254b3af3-4c68b3da-1d285d23 200
[debug] [2025-07-06T19:58:13.683Z] <<< [apiv2][body] GET https://cloudfunctions.googleapis.com/v2/projects/moneytimerev-e2351/locations/us-central1/operations/operation-1751831886379-63948254b3af3-4c68b3da-1d285d23 {"name":"projects/moneytimerev-e2351/locations/us-central1/operations/operation-1751831886379-63948254b3af3-4c68b3da-1d285d23","metadata":{"@type":"type.googleapis.com/google.cloud.functions.v2.OperationMetadata","createTime":"2025-07-06T19:58:07.794017322Z","target":"projects/moneytimerev-e2351/locations/us-central1/functions/sendContactEmail","verb":"create","cancelRequested":false,"apiVersion":"v2","requestResource":{"@type":"type.googleapis.com/google.cloud.functions.v2.Function","name":"projects/moneytimerev-e2351/locations/us-central1/functions/sendContactEmail","buildConfig":{"runtime":"nodejs22","entryPoint":"sendContactEmail","source":{"storageSource":{"bucket":"gcf-v2-sources-428598409137-us-central1","object":"sendContactEmail/function-source.zip","generation":"1751831886629407"}},"environmentVariables":{"GOOGLE_NODE_RUN_SCRIPTS":""},"serviceAccount":"projects/moneytimerev-e2351/serviceAccounts/428598409137-compute@developer.gserviceaccount.com","automaticUpdatePolicy":{}},"serviceConfig":{"service":"projects/moneytimerev-e2351/locations/us-central1/services/sendcontactemail","timeoutSeconds":60,"environmentVariables":{"FIREBASE_CONFIG":"{\"projectId\":\"moneytimerev-e2351\",\"storageBucket\":\"moneytimerev-e2351.firebasestorage.app\"}","GCLOUD_PROJECT":"moneytimerev-e2351","EVENTARC_CLOUD_EVENT_SOURCE":"projects/moneytimerev-e2351/locations/us-central1/services/sendContactEmail","FUNCTION_SIGNATURE_TYPE":"cloudevent","FUNCTION_TARGET":"sendContactEmail","LOG_EXECUTION_ID":"true"},"ingressSettings":"ALLOW_ALL","serviceAccountEmail":"428598409137-compute@developer.gserviceaccount.com","availableMemory":"256Mi","maxInstanceRequestConcurrency":80,"availableCpu":"1"},"eventTrigger":{"trigger":"projects/moneytimerev-e2351/locations/eur3/triggers/sendcontactemail-050291","triggerRegion":"eur3","eventType":"google.cloud.firestore.document.v1.created","eventFilters":[{"attribute":"database","value":"(default)"},{"attribute":"namespace","value":"(default)"},{"attribute":"document","value":"contacts/{contactId}","operator":"match-path-pattern"}],"serviceAccountEmail":"428598409137-compute@developer.gserviceaccount.com","retryPolicy":"RETRY_POLICY_DO_NOT_RETRY"},"labels":{"deployment-tool":"cli-firebase","firebase-functions-hash":"470f8c36b51f49a74b9b00db669961627a02e57c"},"environment":"GEN_2"},"stages":[{"name":"BUILD","message":"Build in progress","state":"IN_PROGRESS","resource":"projects/428598409137/locations/us-central1/builds/1656e461-7560-4079-b390-e4e3d8d4cd88","resourceUri":"https://console.cloud.google.com/cloud-build/builds;region=us-central1/1656e461-7560-4079-b390-e4e3d8d4cd88?project=428598409137"},{"name":"SERVICE","state":"NOT_STARTED"},{"name":"TRIGGER","state":"NOT_STARTED"}],"operationType":"CREATE_FUNCTION","buildName":"projects/428598409137/locations/us-central1/builds/1656e461-7560-4079-b390-e4e3d8d4cd88"},"done":false}
[debug] [2025-07-06T19:58:17.685Z] [create-default-us-central1-sendContactEmail] Retrying task index 0
[debug] [2025-07-06T19:58:17.685Z] Checked if tokens are valid: true, expires at: 1751834082577
[debug] [2025-07-06T19:58:17.686Z] Checked if tokens are valid: true, expires at: 1751834082577
[debug] [2025-07-06T19:58:17.686Z] >>> [apiv2][query] GET https://cloudfunctions.googleapis.com/v2/projects/moneytimerev-e2351/locations/us-central1/operations/operation-1751831886379-63948254b3af3-4c68b3da-1d285d23 [none]
[debug] [2025-07-06T19:58:18.351Z] <<< [apiv2][status] GET https://cloudfunctions.googleapis.com/v2/projects/moneytimerev-e2351/locations/us-central1/operations/operation-1751831886379-63948254b3af3-4c68b3da-1d285d23 200
[debug] [2025-07-06T19:58:18.351Z] <<< [apiv2][body] GET https://cloudfunctions.googleapis.com/v2/projects/moneytimerev-e2351/locations/us-central1/operations/operation-1751831886379-63948254b3af3-4c68b3da-1d285d23 {"name":"projects/moneytimerev-e2351/locations/us-central1/operations/operation-1751831886379-63948254b3af3-4c68b3da-1d285d23","metadata":{"@type":"type.googleapis.com/google.cloud.functions.v2.OperationMetadata","createTime":"2025-07-06T19:58:07.794017322Z","target":"projects/moneytimerev-e2351/locations/us-central1/functions/sendContactEmail","verb":"create","cancelRequested":false,"apiVersion":"v2","requestResource":{"@type":"type.googleapis.com/google.cloud.functions.v2.Function","name":"projects/moneytimerev-e2351/locations/us-central1/functions/sendContactEmail","buildConfig":{"runtime":"nodejs22","entryPoint":"sendContactEmail","source":{"storageSource":{"bucket":"gcf-v2-sources-428598409137-us-central1","object":"sendContactEmail/function-source.zip","generation":"1751831886629407"}},"environmentVariables":{"GOOGLE_NODE_RUN_SCRIPTS":""},"serviceAccount":"projects/moneytimerev-e2351/serviceAccounts/428598409137-compute@developer.gserviceaccount.com","automaticUpdatePolicy":{}},"serviceConfig":{"service":"projects/moneytimerev-e2351/locations/us-central1/services/sendcontactemail","timeoutSeconds":60,"environmentVariables":{"FIREBASE_CONFIG":"{\"projectId\":\"moneytimerev-e2351\",\"storageBucket\":\"moneytimerev-e2351.firebasestorage.app\"}","GCLOUD_PROJECT":"moneytimerev-e2351","EVENTARC_CLOUD_EVENT_SOURCE":"projects/moneytimerev-e2351/locations/us-central1/services/sendContactEmail","FUNCTION_SIGNATURE_TYPE":"cloudevent","FUNCTION_TARGET":"sendContactEmail","LOG_EXECUTION_ID":"true"},"ingressSettings":"ALLOW_ALL","serviceAccountEmail":"428598409137-compute@developer.gserviceaccount.com","availableMemory":"256Mi","maxInstanceRequestConcurrency":80,"availableCpu":"1"},"eventTrigger":{"trigger":"projects/moneytimerev-e2351/locations/eur3/triggers/sendcontactemail-050291","triggerRegion":"eur3","eventType":"google.cloud.firestore.document.v1.created","eventFilters":[{"attribute":"database","value":"(default)"},{"attribute":"namespace","value":"(default)"},{"attribute":"document","value":"contacts/{contactId}","operator":"match-path-pattern"}],"serviceAccountEmail":"428598409137-compute@developer.gserviceaccount.com","retryPolicy":"RETRY_POLICY_DO_NOT_RETRY"},"labels":{"deployment-tool":"cli-firebase","firebase-functions-hash":"470f8c36b51f49a74b9b00db669961627a02e57c"},"environment":"GEN_2"},"stages":[{"name":"BUILD","message":"Build in progress","state":"IN_PROGRESS","resource":"projects/428598409137/locations/us-central1/builds/1656e461-7560-4079-b390-e4e3d8d4cd88","resourceUri":"https://console.cloud.google.com/cloud-build/builds;region=us-central1/1656e461-7560-4079-b390-e4e3d8d4cd88?project=428598409137"},{"name":"SERVICE","state":"NOT_STARTED"},{"name":"TRIGGER","state":"NOT_STARTED"}],"operationType":"CREATE_FUNCTION","buildName":"projects/428598409137/locations/us-central1/builds/1656e461-7560-4079-b390-e4e3d8d4cd88"},"done":false}
[debug] [2025-07-06T19:58:26.353Z] [create-default-us-central1-sendContactEmail] Retrying task index 0
[debug] [2025-07-06T19:58:26.354Z] Checked if tokens are valid: true, expires at: 1751834082577
[debug] [2025-07-06T19:58:26.355Z] Checked if tokens are valid: true, expires at: 1751834082577
[debug] [2025-07-06T19:58:26.355Z] >>> [apiv2][query] GET https://cloudfunctions.googleapis.com/v2/projects/moneytimerev-e2351/locations/us-central1/operations/operation-1751831886379-63948254b3af3-4c68b3da-1d285d23 [none]
[debug] [2025-07-06T19:58:27.046Z] <<< [apiv2][status] GET https://cloudfunctions.googleapis.com/v2/projects/moneytimerev-e2351/locations/us-central1/operations/operation-1751831886379-63948254b3af3-4c68b3da-1d285d23 200
[debug] [2025-07-06T19:58:27.046Z] <<< [apiv2][body] GET https://cloudfunctions.googleapis.com/v2/projects/moneytimerev-e2351/locations/us-central1/operations/operation-1751831886379-63948254b3af3-4c68b3da-1d285d23 {"name":"projects/moneytimerev-e2351/locations/us-central1/operations/operation-1751831886379-63948254b3af3-4c68b3da-1d285d23","metadata":{"@type":"type.googleapis.com/google.cloud.functions.v2.OperationMetadata","createTime":"2025-07-06T19:58:07.794017322Z","target":"projects/moneytimerev-e2351/locations/us-central1/functions/sendContactEmail","verb":"create","cancelRequested":false,"apiVersion":"v2","requestResource":{"@type":"type.googleapis.com/google.cloud.functions.v2.Function","name":"projects/moneytimerev-e2351/locations/us-central1/functions/sendContactEmail","buildConfig":{"runtime":"nodejs22","entryPoint":"sendContactEmail","source":{"storageSource":{"bucket":"gcf-v2-sources-428598409137-us-central1","object":"sendContactEmail/function-source.zip","generation":"1751831886629407"}},"environmentVariables":{"GOOGLE_NODE_RUN_SCRIPTS":""},"serviceAccount":"projects/moneytimerev-e2351/serviceAccounts/428598409137-compute@developer.gserviceaccount.com","automaticUpdatePolicy":{}},"serviceConfig":{"service":"projects/moneytimerev-e2351/locations/us-central1/services/sendcontactemail","timeoutSeconds":60,"environmentVariables":{"FIREBASE_CONFIG":"{\"projectId\":\"moneytimerev-e2351\",\"storageBucket\":\"moneytimerev-e2351.firebasestorage.app\"}","GCLOUD_PROJECT":"moneytimerev-e2351","EVENTARC_CLOUD_EVENT_SOURCE":"projects/moneytimerev-e2351/locations/us-central1/services/sendContactEmail","FUNCTION_SIGNATURE_TYPE":"cloudevent","FUNCTION_TARGET":"sendContactEmail","LOG_EXECUTION_ID":"true"},"ingressSettings":"ALLOW_ALL","serviceAccountEmail":"428598409137-compute@developer.gserviceaccount.com","availableMemory":"256Mi","maxInstanceRequestConcurrency":80,"availableCpu":"1"},"eventTrigger":{"trigger":"projects/moneytimerev-e2351/locations/eur3/triggers/sendcontactemail-050291","triggerRegion":"eur3","eventType":"google.cloud.firestore.document.v1.created","eventFilters":[{"attribute":"database","value":"(default)"},{"attribute":"namespace","value":"(default)"},{"attribute":"document","value":"contacts/{contactId}","operator":"match-path-pattern"}],"serviceAccountEmail":"428598409137-compute@developer.gserviceaccount.com","retryPolicy":"RETRY_POLICY_DO_NOT_RETRY"},"labels":{"deployment-tool":"cli-firebase","firebase-functions-hash":"470f8c36b51f49a74b9b00db669961627a02e57c"},"environment":"GEN_2"},"stages":[{"name":"BUILD","message":"Build in progress","state":"IN_PROGRESS","resource":"projects/428598409137/locations/us-central1/builds/1656e461-7560-4079-b390-e4e3d8d4cd88","resourceUri":"https://console.cloud.google.com/cloud-build/builds;region=us-central1/1656e461-7560-4079-b390-e4e3d8d4cd88?project=428598409137"},{"name":"SERVICE","state":"NOT_STARTED"},{"name":"TRIGGER","state":"NOT_STARTED"}],"operationType":"CREATE_FUNCTION","buildName":"projects/428598409137/locations/us-central1/builds/1656e461-7560-4079-b390-e4e3d8d4cd88"},"done":false}
[debug] [2025-07-06T19:58:37.047Z] [create-default-us-central1-sendContactEmail] Retrying task index 0
[debug] [2025-07-06T19:58:37.049Z] Checked if tokens are valid: true, expires at: 1751834082577
[debug] [2025-07-06T19:58:37.049Z] Checked if tokens are valid: true, expires at: 1751834082577
[debug] [2025-07-06T19:58:37.049Z] >>> [apiv2][query] GET https://cloudfunctions.googleapis.com/v2/projects/moneytimerev-e2351/locations/us-central1/operations/operation-1751831886379-63948254b3af3-4c68b3da-1d285d23 [none]
[debug] [2025-07-06T19:58:37.740Z] <<< [apiv2][status] GET https://cloudfunctions.googleapis.com/v2/projects/moneytimerev-e2351/locations/us-central1/operations/operation-1751831886379-63948254b3af3-4c68b3da-1d285d23 200
[debug] [2025-07-06T19:58:37.741Z] <<< [apiv2][body] GET https://cloudfunctions.googleapis.com/v2/projects/moneytimerev-e2351/locations/us-central1/operations/operation-1751831886379-63948254b3af3-4c68b3da-1d285d23 {"name":"projects/moneytimerev-e2351/locations/us-central1/operations/operation-1751831886379-63948254b3af3-4c68b3da-1d285d23","metadata":{"@type":"type.googleapis.com/google.cloud.functions.v2.OperationMetadata","createTime":"2025-07-06T19:58:07.794017322Z","target":"projects/moneytimerev-e2351/locations/us-central1/functions/sendContactEmail","verb":"create","cancelRequested":false,"apiVersion":"v2","requestResource":{"@type":"type.googleapis.com/google.cloud.functions.v2.Function","name":"projects/moneytimerev-e2351/locations/us-central1/functions/sendContactEmail","buildConfig":{"runtime":"nodejs22","entryPoint":"sendContactEmail","source":{"storageSource":{"bucket":"gcf-v2-sources-428598409137-us-central1","object":"sendContactEmail/function-source.zip","generation":"1751831886629407"}},"environmentVariables":{"GOOGLE_NODE_RUN_SCRIPTS":""},"serviceAccount":"projects/moneytimerev-e2351/serviceAccounts/428598409137-compute@developer.gserviceaccount.com","automaticUpdatePolicy":{}},"serviceConfig":{"service":"projects/moneytimerev-e2351/locations/us-central1/services/sendcontactemail","timeoutSeconds":60,"environmentVariables":{"FIREBASE_CONFIG":"{\"projectId\":\"moneytimerev-e2351\",\"storageBucket\":\"moneytimerev-e2351.firebasestorage.app\"}","GCLOUD_PROJECT":"moneytimerev-e2351","EVENTARC_CLOUD_EVENT_SOURCE":"projects/moneytimerev-e2351/locations/us-central1/services/sendContactEmail","FUNCTION_SIGNATURE_TYPE":"cloudevent","FUNCTION_TARGET":"sendContactEmail","LOG_EXECUTION_ID":"true"},"ingressSettings":"ALLOW_ALL","serviceAccountEmail":"428598409137-compute@developer.gserviceaccount.com","availableMemory":"256Mi","maxInstanceRequestConcurrency":80,"availableCpu":"1"},"eventTrigger":{"trigger":"projects/moneytimerev-e2351/locations/eur3/triggers/sendcontactemail-050291","triggerRegion":"eur3","eventType":"google.cloud.firestore.document.v1.created","eventFilters":[{"attribute":"database","value":"(default)"},{"attribute":"namespace","value":"(default)"},{"attribute":"document","value":"contacts/{contactId}","operator":"match-path-pattern"}],"serviceAccountEmail":"428598409137-compute@developer.gserviceaccount.com","retryPolicy":"RETRY_POLICY_DO_NOT_RETRY"},"labels":{"deployment-tool":"cli-firebase","firebase-functions-hash":"470f8c36b51f49a74b9b00db669961627a02e57c"},"environment":"GEN_2"},"stages":[{"name":"BUILD","message":"Build in progress","state":"IN_PROGRESS","resource":"projects/428598409137/locations/us-central1/builds/1656e461-7560-4079-b390-e4e3d8d4cd88","resourceUri":"https://console.cloud.google.com/cloud-build/builds;region=us-central1/1656e461-7560-4079-b390-e4e3d8d4cd88?project=428598409137"},{"name":"SERVICE","state":"NOT_STARTED"},{"name":"TRIGGER","state":"NOT_STARTED"}],"operationType":"CREATE_FUNCTION","buildName":"projects/428598409137/locations/us-central1/builds/1656e461-7560-4079-b390-e4e3d8d4cd88"},"done":false}
[debug] [2025-07-06T19:58:47.743Z] [create-default-us-central1-sendContactEmail] Retrying task index 0
[debug] [2025-07-06T19:58:47.743Z] Checked if tokens are valid: true, expires at: 1751834082577
[debug] [2025-07-06T19:58:47.743Z] Checked if tokens are valid: true, expires at: 1751834082577
[debug] [2025-07-06T19:58:47.743Z] >>> [apiv2][query] GET https://cloudfunctions.googleapis.com/v2/projects/moneytimerev-e2351/locations/us-central1/operations/operation-1751831886379-63948254b3af3-4c68b3da-1d285d23 [none]
[debug] [2025-07-06T19:58:48.490Z] <<< [apiv2][status] GET https://cloudfunctions.googleapis.com/v2/projects/moneytimerev-e2351/locations/us-central1/operations/operation-1751831886379-63948254b3af3-4c68b3da-1d285d23 200
[debug] [2025-07-06T19:58:48.490Z] <<< [apiv2][body] GET https://cloudfunctions.googleapis.com/v2/projects/moneytimerev-e2351/locations/us-central1/operations/operation-1751831886379-63948254b3af3-4c68b3da-1d285d23 {"name":"projects/moneytimerev-e2351/locations/us-central1/operations/operation-1751831886379-63948254b3af3-4c68b3da-1d285d23","metadata":{"@type":"type.googleapis.com/google.cloud.functions.v2.OperationMetadata","createTime":"2025-07-06T19:58:07.794017322Z","target":"projects/moneytimerev-e2351/locations/us-central1/functions/sendContactEmail","verb":"create","cancelRequested":false,"apiVersion":"v2","requestResource":{"@type":"type.googleapis.com/google.cloud.functions.v2.Function","name":"projects/moneytimerev-e2351/locations/us-central1/functions/sendContactEmail","buildConfig":{"runtime":"nodejs22","entryPoint":"sendContactEmail","source":{"storageSource":{"bucket":"gcf-v2-sources-428598409137-us-central1","object":"sendContactEmail/function-source.zip","generation":"1751831886629407"}},"environmentVariables":{"GOOGLE_NODE_RUN_SCRIPTS":""},"serviceAccount":"projects/moneytimerev-e2351/serviceAccounts/428598409137-compute@developer.gserviceaccount.com","automaticUpdatePolicy":{}},"serviceConfig":{"service":"projects/moneytimerev-e2351/locations/us-central1/services/sendcontactemail","timeoutSeconds":60,"environmentVariables":{"FIREBASE_CONFIG":"{\"projectId\":\"moneytimerev-e2351\",\"storageBucket\":\"moneytimerev-e2351.firebasestorage.app\"}","GCLOUD_PROJECT":"moneytimerev-e2351","EVENTARC_CLOUD_EVENT_SOURCE":"projects/moneytimerev-e2351/locations/us-central1/services/sendContactEmail","FUNCTION_SIGNATURE_TYPE":"cloudevent","FUNCTION_TARGET":"sendContactEmail","LOG_EXECUTION_ID":"true"},"ingressSettings":"ALLOW_ALL","serviceAccountEmail":"428598409137-compute@developer.gserviceaccount.com","availableMemory":"256Mi","maxInstanceRequestConcurrency":80,"availableCpu":"1"},"eventTrigger":{"trigger":"projects/moneytimerev-e2351/locations/eur3/triggers/sendcontactemail-050291","triggerRegion":"eur3","eventType":"google.cloud.firestore.document.v1.created","eventFilters":[{"attribute":"database","value":"(default)"},{"attribute":"namespace","value":"(default)"},{"attribute":"document","value":"contacts/{contactId}","operator":"match-path-pattern"}],"serviceAccountEmail":"428598409137-compute@developer.gserviceaccount.com","retryPolicy":"RETRY_POLICY_DO_NOT_RETRY"},"labels":{"deployment-tool":"cli-firebase","firebase-functions-hash":"470f8c36b51f49a74b9b00db669961627a02e57c"},"environment":"GEN_2"},"stages":[{"name":"BUILD","message":"Build in progress","state":"IN_PROGRESS","resource":"projects/428598409137/locations/us-central1/builds/1656e461-7560-4079-b390-e4e3d8d4cd88","resourceUri":"https://console.cloud.google.com/cloud-build/builds;region=us-central1/1656e461-7560-4079-b390-e4e3d8d4cd88?project=428598409137"},{"name":"SERVICE","state":"NOT_STARTED"},{"name":"TRIGGER","state":"NOT_STARTED"}],"operationType":"CREATE_FUNCTION","buildName":"projects/428598409137/locations/us-central1/builds/1656e461-7560-4079-b390-e4e3d8d4cd88"},"done":false}
[debug] [2025-07-06T19:58:58.493Z] [create-default-us-central1-sendContactEmail] Retrying task index 0
[debug] [2025-07-06T19:58:58.495Z] Checked if tokens are valid: true, expires at: 1751834082577
[debug] [2025-07-06T19:58:58.495Z] Checked if tokens are valid: true, expires at: 1751834082577
[debug] [2025-07-06T19:58:58.496Z] >>> [apiv2][query] GET https://cloudfunctions.googleapis.com/v2/projects/moneytimerev-e2351/locations/us-central1/operations/operation-1751831886379-63948254b3af3-4c68b3da-1d285d23 [none]
[debug] [2025-07-06T19:58:59.209Z] <<< [apiv2][status] GET https://cloudfunctions.googleapis.com/v2/projects/moneytimerev-e2351/locations/us-central1/operations/operation-1751831886379-63948254b3af3-4c68b3da-1d285d23 200
[debug] [2025-07-06T19:58:59.210Z] <<< [apiv2][body] GET https://cloudfunctions.googleapis.com/v2/projects/moneytimerev-e2351/locations/us-central1/operations/operation-1751831886379-63948254b3af3-4c68b3da-1d285d23 {"name":"projects/moneytimerev-e2351/locations/us-central1/operations/operation-1751831886379-63948254b3af3-4c68b3da-1d285d23","metadata":{"@type":"type.googleapis.com/google.cloud.functions.v2.OperationMetadata","createTime":"2025-07-06T19:58:07.794017322Z","target":"projects/moneytimerev-e2351/locations/us-central1/functions/sendContactEmail","verb":"create","cancelRequested":false,"apiVersion":"v2","requestResource":{"@type":"type.googleapis.com/google.cloud.functions.v2.Function","name":"projects/moneytimerev-e2351/locations/us-central1/functions/sendContactEmail","buildConfig":{"runtime":"nodejs22","entryPoint":"sendContactEmail","source":{"storageSource":{"bucket":"gcf-v2-sources-428598409137-us-central1","object":"sendContactEmail/function-source.zip","generation":"1751831886629407"}},"environmentVariables":{"GOOGLE_NODE_RUN_SCRIPTS":""},"serviceAccount":"projects/moneytimerev-e2351/serviceAccounts/428598409137-compute@developer.gserviceaccount.com","automaticUpdatePolicy":{}},"serviceConfig":{"service":"projects/moneytimerev-e2351/locations/us-central1/services/sendcontactemail","timeoutSeconds":60,"environmentVariables":{"FIREBASE_CONFIG":"{\"projectId\":\"moneytimerev-e2351\",\"storageBucket\":\"moneytimerev-e2351.firebasestorage.app\"}","GCLOUD_PROJECT":"moneytimerev-e2351","EVENTARC_CLOUD_EVENT_SOURCE":"projects/moneytimerev-e2351/locations/us-central1/services/sendContactEmail","FUNCTION_SIGNATURE_TYPE":"cloudevent","FUNCTION_TARGET":"sendContactEmail","LOG_EXECUTION_ID":"true"},"ingressSettings":"ALLOW_ALL","serviceAccountEmail":"428598409137-compute@developer.gserviceaccount.com","availableMemory":"256Mi","maxInstanceRequestConcurrency":80,"availableCpu":"1"},"eventTrigger":{"trigger":"projects/moneytimerev-e2351/locations/eur3/triggers/sendcontactemail-050291","triggerRegion":"eur3","eventType":"google.cloud.firestore.document.v1.created","eventFilters":[{"attribute":"database","value":"(default)"},{"attribute":"namespace","value":"(default)"},{"attribute":"document","value":"contacts/{contactId}","operator":"match-path-pattern"}],"serviceAccountEmail":"428598409137-compute@developer.gserviceaccount.com","retryPolicy":"RETRY_POLICY_DO_NOT_RETRY"},"labels":{"deployment-tool":"cli-firebase","firebase-functions-hash":"470f8c36b51f49a74b9b00db669961627a02e57c"},"environment":"GEN_2"},"stages":[{"name":"BUILD","message":"Build in progress","state":"IN_PROGRESS","resource":"projects/428598409137/locations/us-central1/builds/1656e461-7560-4079-b390-e4e3d8d4cd88","resourceUri":"https://console.cloud.google.com/cloud-build/builds;region=us-central1/1656e461-7560-4079-b390-e4e3d8d4cd88?project=428598409137"},{"name":"SERVICE","state":"NOT_STARTED"},{"name":"TRIGGER","state":"NOT_STARTED"}],"operationType":"CREATE_FUNCTION","buildName":"projects/428598409137/locations/us-central1/builds/1656e461-7560-4079-b390-e4e3d8d4cd88"},"done":false}
[debug] [2025-07-06T19:59:09.213Z] [create-default-us-central1-sendContactEmail] Retrying task index 0
[debug] [2025-07-06T19:59:09.214Z] Checked if tokens are valid: true, expires at: 1751834082577
[debug] [2025-07-06T19:59:09.214Z] Checked if tokens are valid: true, expires at: 1751834082577
[debug] [2025-07-06T19:59:09.214Z] >>> [apiv2][query] GET https://cloudfunctions.googleapis.com/v2/projects/moneytimerev-e2351/locations/us-central1/operations/operation-1751831886379-63948254b3af3-4c68b3da-1d285d23 [none]
[debug] [2025-07-06T19:59:10.010Z] <<< [apiv2][status] GET https://cloudfunctions.googleapis.com/v2/projects/moneytimerev-e2351/locations/us-central1/operations/operation-1751831886379-63948254b3af3-4c68b3da-1d285d23 200
[debug] [2025-07-06T19:59:10.010Z] <<< [apiv2][body] GET https://cloudfunctions.googleapis.com/v2/projects/moneytimerev-e2351/locations/us-central1/operations/operation-1751831886379-63948254b3af3-4c68b3da-1d285d23 {"name":"projects/moneytimerev-e2351/locations/us-central1/operations/operation-1751831886379-63948254b3af3-4c68b3da-1d285d23","metadata":{"@type":"type.googleapis.com/google.cloud.functions.v2.OperationMetadata","createTime":"2025-07-06T19:58:07.794017322Z","target":"projects/moneytimerev-e2351/locations/us-central1/functions/sendContactEmail","verb":"create","cancelRequested":false,"apiVersion":"v2","requestResource":{"@type":"type.googleapis.com/google.cloud.functions.v2.Function","name":"projects/moneytimerev-e2351/locations/us-central1/functions/sendContactEmail","buildConfig":{"runtime":"nodejs22","entryPoint":"sendContactEmail","source":{"storageSource":{"bucket":"gcf-v2-sources-428598409137-us-central1","object":"sendContactEmail/function-source.zip","generation":"1751831886629407"}},"environmentVariables":{"GOOGLE_NODE_RUN_SCRIPTS":""},"serviceAccount":"projects/moneytimerev-e2351/serviceAccounts/428598409137-compute@developer.gserviceaccount.com","automaticUpdatePolicy":{}},"serviceConfig":{"service":"projects/moneytimerev-e2351/locations/us-central1/services/sendcontactemail","timeoutSeconds":60,"environmentVariables":{"FIREBASE_CONFIG":"{\"projectId\":\"moneytimerev-e2351\",\"storageBucket\":\"moneytimerev-e2351.firebasestorage.app\"}","GCLOUD_PROJECT":"moneytimerev-e2351","EVENTARC_CLOUD_EVENT_SOURCE":"projects/moneytimerev-e2351/locations/us-central1/services/sendContactEmail","FUNCTION_SIGNATURE_TYPE":"cloudevent","FUNCTION_TARGET":"sendContactEmail","LOG_EXECUTION_ID":"true"},"ingressSettings":"ALLOW_ALL","serviceAccountEmail":"428598409137-compute@developer.gserviceaccount.com","availableMemory":"256Mi","maxInstanceRequestConcurrency":80,"availableCpu":"1"},"eventTrigger":{"trigger":"projects/moneytimerev-e2351/locations/eur3/triggers/sendcontactemail-050291","triggerRegion":"eur3","eventType":"google.cloud.firestore.document.v1.created","eventFilters":[{"attribute":"database","value":"(default)"},{"attribute":"namespace","value":"(default)"},{"attribute":"document","value":"contacts/{contactId}","operator":"match-path-pattern"}],"serviceAccountEmail":"428598409137-compute@developer.gserviceaccount.com","retryPolicy":"RETRY_POLICY_DO_NOT_RETRY"},"labels":{"deployment-tool":"cli-firebase","firebase-functions-hash":"470f8c36b51f49a74b9b00db669961627a02e57c"},"environment":"GEN_2"},"stages":[{"name":"ARTIFACT_REGISTRY","state":"NOT_STARTED"},{"name":"SERVICE","message":"Deleting Cloud Run service","state":"IN_PROGRESS","resource":"projects/moneytimerev-e2351/locations/us-central1/services/sendcontactemail"},{"name":"TRIGGER","message":"Deleting Eventarc trigger","state":"COMPLETE","resource":"projects/moneytimerev-e2351/locations/eur3/triggers/sendcontactemail-050291"}],"operationType":"CREATE_FUNCTION"},"done":false}
[debug] [2025-07-06T19:59:20.011Z] [create-default-us-central1-sendContactEmail] Retrying task index 0
[debug] [2025-07-06T19:59:20.011Z] Checked if tokens are valid: true, expires at: 1751834082577
[debug] [2025-07-06T19:59:20.011Z] Checked if tokens are valid: true, expires at: 1751834082577
[debug] [2025-07-06T19:59:20.011Z] >>> [apiv2][query] GET https://cloudfunctions.googleapis.com/v2/projects/moneytimerev-e2351/locations/us-central1/operations/operation-1751831886379-63948254b3af3-4c68b3da-1d285d23 [none]
[debug] [2025-07-06T19:59:20.733Z] <<< [apiv2][status] GET https://cloudfunctions.googleapis.com/v2/projects/moneytimerev-e2351/locations/us-central1/operations/operation-1751831886379-63948254b3af3-4c68b3da-1d285d23 200
[debug] [2025-07-06T19:59:20.733Z] <<< [apiv2][body] GET https://cloudfunctions.googleapis.com/v2/projects/moneytimerev-e2351/locations/us-central1/operations/operation-1751831886379-63948254b3af3-4c68b3da-1d285d23 {"name":"projects/moneytimerev-e2351/locations/us-central1/operations/operation-1751831886379-63948254b3af3-4c68b3da-1d285d23","metadata":{"@type":"type.googleapis.com/google.cloud.functions.v2.OperationMetadata","createTime":"2025-07-06T19:58:07.794017322Z","endTime":"2025-07-06T19:59:11.622549878Z","target":"projects/moneytimerev-e2351/locations/us-central1/functions/sendContactEmail","verb":"create","cancelRequested":false,"apiVersion":"v2","requestResource":{"@type":"type.googleapis.com/google.cloud.functions.v2.Function","name":"projects/moneytimerev-e2351/locations/us-central1/functions/sendContactEmail","buildConfig":{"runtime":"nodejs22","entryPoint":"sendContactEmail","source":{"storageSource":{"bucket":"gcf-v2-sources-428598409137-us-central1","object":"sendContactEmail/function-source.zip","generation":"1751831886629407"}},"environmentVariables":{"GOOGLE_NODE_RUN_SCRIPTS":""},"serviceAccount":"projects/moneytimerev-e2351/serviceAccounts/428598409137-compute@developer.gserviceaccount.com","automaticUpdatePolicy":{}},"serviceConfig":{"service":"projects/moneytimerev-e2351/locations/us-central1/services/sendcontactemail","timeoutSeconds":60,"environmentVariables":{"FIREBASE_CONFIG":"{\"projectId\":\"moneytimerev-e2351\",\"storageBucket\":\"moneytimerev-e2351.firebasestorage.app\"}","GCLOUD_PROJECT":"moneytimerev-e2351","EVENTARC_CLOUD_EVENT_SOURCE":"projects/moneytimerev-e2351/locations/us-central1/services/sendContactEmail","FUNCTION_SIGNATURE_TYPE":"cloudevent","FUNCTION_TARGET":"sendContactEmail","LOG_EXECUTION_ID":"true"},"ingressSettings":"ALLOW_ALL","serviceAccountEmail":"428598409137-compute@developer.gserviceaccount.com","availableMemory":"256Mi","maxInstanceRequestConcurrency":80,"availableCpu":"1"},"eventTrigger":{"trigger":"projects/moneytimerev-e2351/locations/eur3/triggers/sendcontactemail-050291","triggerRegion":"eur3","eventType":"google.cloud.firestore.document.v1.created","eventFilters":[{"attribute":"database","value":"(default)"},{"attribute":"namespace","value":"(default)"},{"attribute":"document","value":"contacts/{contactId}","operator":"match-path-pattern"}],"serviceAccountEmail":"428598409137-compute@developer.gserviceaccount.com","retryPolicy":"RETRY_POLICY_DO_NOT_RETRY"},"labels":{"deployment-tool":"cli-firebase","firebase-functions-hash":"470f8c36b51f49a74b9b00db669961627a02e57c"},"environment":"GEN_2"},"stages":[{"name":"ARTIFACT_REGISTRY","message":"Deleting function artifacts in Artifact Registry","state":"COMPLETE"},{"name":"SERVICE","message":"Deleting Cloud Run service","state":"COMPLETE","resource":"projects/moneytimerev-e2351/locations/us-central1/services/sendcontactemail"},{"name":"TRIGGER","message":"Deleting Eventarc trigger","state":"COMPLETE","resource":"projects/moneytimerev-e2351/locations/eur3/triggers/sendcontactemail-050291"}],"operationType":"CREATE_FUNCTION"},"done":true,"error":{"code":3,"message":"Could not create or update Cloud Run service sendcontactemail, Container Healthcheck failed. Revision 'sendcontactemail-00001-wih' is not ready and cannot serve traffic. The user-provided container failed to start and listen on the port defined provided by the PORT=8080 environment variable within the allocated timeout. This can happen when the container port is misconfigured or if the timeout is too short. The health check timeout can be extended. Logs for this revision might contain more information.\n\nLogs URL: https://console.cloud.google.com/logs/viewer?project=moneytimerev-e2351&resource=cloud_run_revision/service_name/sendcontactemail/revision_name/sendcontactemail-00001-wih&advancedFilter=resource.type%3D%22cloud_run_revision%22%0Aresource.labels.service_name%3D%22sendcontactemail%22%0Aresource.labels.revision_name%3D%22sendcontactemail-00001-wih%22 \nFor more troubleshooting guidance, see https://cloud.google.com/run/docs/troubleshooting#container-failed-to-start"}}
[debug] [2025-07-06T19:59:20.733Z] Got source token undefined for region us-central1
[error] Could not create or update Cloud Run service sendcontactemail, Container Healthcheck failed. Revision 'sendcontactemail-00001-wih' is not ready and cannot serve traffic. The user-provided container failed to start and listen on the port defined provided by the PORT=8080 environment variable within the allocated timeout. This can happen when the container port is misconfigured or if the timeout is too short. The health check timeout can be extended. Logs for this revision might contain more information.

Logs URL: https://console.cloud.google.com/logs/viewer?project=moneytimerev-e2351&resource=cloud_run_revision/service_name/sendcontactemail/revision_name/sendcontactemail-00001-wih&advancedFilter=resource.type%3D%22cloud_run_revision%22%0Aresource.labels.service_name%3D%22sendcontactemail%22%0Aresource.labels.revision_name%3D%22sendcontactemail-00001-wih%22 
For more troubleshooting guidance, see https://cloud.google.com/run/docs/troubleshooting#container-failed-to-start
[debug] [2025-07-06T19:59:20.739Z] Total Function Deployment time: 75024
[debug] [2025-07-06T19:59:20.739Z] 1 Functions Deployed
[debug] [2025-07-06T19:59:20.740Z] 1 Functions Errored
[debug] [2025-07-06T19:59:20.740Z] 0 Function Deployments Aborted
[debug] [2025-07-06T19:59:20.740Z] Average Function Deployment time: 75023
[info] 
[info] Functions deploy had errors with the following functions:
	sendContactEmail(us-central1)
[debug] [2025-07-06T19:59:20.741Z] Checked if tokens are valid: true, expires at: 1751834082577
[debug] [2025-07-06T19:59:20.741Z] Checked if tokens are valid: true, expires at: 1751834082577
[debug] [2025-07-06T19:59:20.742Z] >>> [apiv2][query] GET https://artifactregistry.googleapis.com/v1/projects/moneytimerev-e2351/locations/us-central1/repositories/gcf-artifacts [none]
[debug] [2025-07-06T19:59:21.463Z] <<< [apiv2][status] GET https://artifactregistry.googleapis.com/v1/projects/moneytimerev-e2351/locations/us-central1/repositories/gcf-artifacts 200
[debug] [2025-07-06T19:59:21.463Z] <<< [apiv2][body] GET https://artifactregistry.googleapis.com/v1/projects/moneytimerev-e2351/locations/us-central1/repositories/gcf-artifacts {"name":"projects/moneytimerev-e2351/locations/us-central1/repositories/gcf-artifacts","format":"DOCKER","description":"This repository is created and used by Cloud Functions for storing function docker images.","labels":{"goog-managed-by":"cloudfunctions"},"createTime":"2025-07-06T06:29:30.704555Z","updateTime":"2025-07-06T19:59:11.500573Z","mode":"STANDARD_REPOSITORY","cleanupPolicies":{"firebase-functions-cleanup":{"id":"firebase-functions-cleanup","action":"DELETE","condition":{"tagState":"ANY","olderThan":"86400s"}}},"sizeBytes":"159715344","vulnerabilityScanningConfig":{"lastEnableTime":"2025-07-06T06:29:21.993874445Z","enablementState":"SCANNING_DISABLED","enablementStateReason":"API containerscanning.googleapis.com is not enabled."},"satisfiesPzi":true,"registryUri":"us-central1-docker.pkg.dev/moneytimerev-e2351/gcf-artifacts"}
[debug] [2025-07-06T19:59:21.464Z] Functions deploy failed.
[debug] [2025-07-06T19:59:21.464Z] {
  "endpoint": {
    "id": "sendContactEmail",
    "project": "moneytimerev-e2351",
    "region": "us-central1",
    "entryPoint": "sendContactEmail",
    "platform": "gcfv2",
    "runtime": "nodejs22",
    "eventTrigger": {
      "eventType": "google.cloud.firestore.document.v1.created",
      "retry": false,
      "eventFilters": {
        "database": "(default)",
        "namespace": "(default)"
      },
      "eventFilterPathPatterns": {
        "document": "contacts/{contactId}"
      },
      "region": "eur3"
    },
    "labels": {
      "deployment-tool": "cli-firebase"
    },
    "serviceAccount": null,
    "ingressSettings": null,
    "availableMemoryMb": null,
    "timeoutSeconds": null,
    "maxInstances": null,
    "minInstances": null,
    "concurrency": 80,
    "vpc": null,
    "environmentVariables": {
      "FIREBASE_CONFIG": "{\"projectId\":\"moneytimerev-e2351\",\"storageBucket\":\"moneytimerev-e2351.firebasestorage.app\"}",
      "GCLOUD_PROJECT": "moneytimerev-e2351",
      "EVENTARC_CLOUD_EVENT_SOURCE": "projects/moneytimerev-e2351/locations/us-central1/services/sendContactEmail"
    },
    "codebase": "default",
    "cpu": 1,
    "targetedByOnly": false,
    "hash": "470f8c36b51f49a74b9b00db669961627a02e57c"
  },
  "op": "create",
  "original": {
    "name": "FirebaseError",
    "children": [],
    "exit": 1,
    "message": "Could not create or update Cloud Run service sendcontactemail, Container Healthcheck failed. Revision 'sendcontactemail-00001-wih' is not ready and cannot serve traffic. The user-provided container failed to start and listen on the port defined provided by the PORT=8080 environment variable within the allocated timeout. This can happen when the container port is misconfigured or if the timeout is too short. The health check timeout can be extended. Logs for this revision might contain more information.\n\nLogs URL: https://console.cloud.google.com/logs/viewer?project=moneytimerev-e2351&resource=cloud_run_revision/service_name/sendcontactemail/revision_name/sendcontactemail-00001-wih&advancedFilter=resource.type%3D%22cloud_run_revision%22%0Aresource.labels.service_name%3D%22sendcontactemail%22%0Aresource.labels.revision_name%3D%22sendcontactemail-00001-wih%22 \nFor more troubleshooting guidance, see https://cloud.google.com/run/docs/troubleshooting#container-failed-to-start",
    "original": {
      "code": 3,
      "message": "Could not create or update Cloud Run service sendcontactemail, Container Healthcheck failed. Revision 'sendcontactemail-00001-wih' is not ready and cannot serve traffic. The user-provided container failed to start and listen on the port defined provided by the PORT=8080 environment variable within the allocated timeout. This can happen when the container port is misconfigured or if the timeout is too short. The health check timeout can be extended. Logs for this revision might contain more information.\n\nLogs URL: https://console.cloud.google.com/logs/viewer?project=moneytimerev-e2351&resource=cloud_run_revision/service_name/sendcontactemail/revision_name/sendcontactemail-00001-wih&advancedFilter=resource.type%3D%22cloud_run_revision%22%0Aresource.labels.service_name%3D%22sendcontactemail%22%0Aresource.labels.revision_name%3D%22sendcontactemail-00001-wih%22 \nFor more troubleshooting guidance, see https://cloud.google.com/run/docs/troubleshooting#container-failed-to-start"
    },
    "status": 3,
    "code": 3
  }
}
[debug] [2025-07-06T19:59:21.467Z] Error: Failed to create function sendContactEmail in region us-central1
    at /Users/fredericfrancia/.npm-global/lib/node_modules/firebase-tools/lib/deploy/functions/release/fabricator.js:294:27
    at process.processTicksAndRejections (node:internal/process/task_queues:105:5)
    at async Fabricator.createV2Function (/Users/fredericfrancia/.npm-global/lib/node_modules/firebase-tools/lib/deploy/functions/release/fabricator.js:278:30)
    at async Fabricator.createEndpoint (/Users/fredericfrancia/.npm-global/lib/node_modules/firebase-tools/lib/deploy/functions/release/fabricator.js:137:13)
    at async handle (/Users/fredericfrancia/.npm-global/lib/node_modules/firebase-tools/lib/deploy/functions/release/fabricator.js:89:17)
[error] 
[error] Error: There was an error deploying functions
